#! /c/Source/iverilog-install/bin/vvp
:ivl_version "12.0 (devel)" "(s20150603-1110-g18392a46)";
:ivl_delay_selection "TYPICAL";
:vpi_time_precision + 0;
:vpi_module "C:\iverilog\lib\ivl\system.vpi";
:vpi_module "C:\iverilog\lib\ivl\vhdl_sys.vpi";
:vpi_module "C:\iverilog\lib\ivl\vhdl_textio.vpi";
:vpi_module "C:\iverilog\lib\ivl\v2005_math.vpi";
:vpi_module "C:\iverilog\lib\ivl\va_math.vpi";
S_0000024850c333d0 .scope module, "TB" "TB" 2 35;
 .timescale 0 0;
v0000024850cd7bd0_0 .var "a", 0 6;
v0000024850cd91b0_0 .net "o", 0 7, L_0000024850dcd9f0;  1 drivers
v0000024850cd8cb0_0 .var "s", 0 7;
S_0000024850bf2a10 .scope module, "uut" "eightBitSub" 2 44, 2 13 0, S_0000024850c333d0;
 .timescale 0 0;
    .port_info 0 /INPUT 7 "a";
    .port_info 1 /INPUT 8 "s";
    .port_info 2 /OUTPUT 8 "f";
L_0000024850cb4550 .functor NOT 8, v0000024850cd8cb0_0, C4<00000000>, C4<00000000>, C4<00000000>;
v0000024850cd8490_0 .net "a", 6 0, v0000024850cd7bd0_0;  1 drivers
v0000024850cd8530_0 .net "c", 7 0, L_0000024850dccb90;  1 drivers
v0000024850cd7810_0 .net "f", 7 0, L_0000024850dcd9f0;  alias, 1 drivers
v0000024850cd7770_0 .net "s", 7 0, v0000024850cd8cb0_0;  1 drivers
v0000024850cd7e50_0 .net "si", 7 0, L_0000024850cb4550;  1 drivers
L_0000024850dcda90 .part v0000024850cd7bd0_0, 0, 1;
L_0000024850dcdd10 .part L_0000024850cb4550, 0, 1;
L_0000024850dcdf90 .part v0000024850cd7bd0_0, 1, 1;
L_0000024850dce030 .part L_0000024850cb4550, 1, 1;
L_0000024850dcd590 .part L_0000024850dccb90, 0, 1;
L_0000024850dcdef0 .part v0000024850cd7bd0_0, 2, 1;
L_0000024850dcd1d0 .part L_0000024850cb4550, 2, 1;
L_0000024850dce0d0 .part L_0000024850dccb90, 1, 1;
L_0000024850dcd450 .part v0000024850cd7bd0_0, 3, 1;
L_0000024850dce170 .part L_0000024850cb4550, 3, 1;
L_0000024850dce350 .part L_0000024850dccb90, 2, 1;
L_0000024850dcde50 .part v0000024850cd7bd0_0, 4, 1;
L_0000024850dcccd0 .part L_0000024850cb4550, 4, 1;
L_0000024850dcd6d0 .part L_0000024850dccb90, 3, 1;
L_0000024850dce2b0 .part v0000024850cd7bd0_0, 5, 1;
L_0000024850dcdbd0 .part L_0000024850cb4550, 5, 1;
L_0000024850dcce10 .part L_0000024850dccb90, 4, 1;
L_0000024850dccd70 .part v0000024850cd7bd0_0, 6, 1;
L_0000024850dccf50 .part L_0000024850cb4550, 6, 1;
L_0000024850dcd770 .part L_0000024850dccb90, 5, 1;
L_0000024850dccff0 .part L_0000024850cb4550, 7, 1;
L_0000024850dcd8b0 .part L_0000024850dccb90, 6, 1;
LS_0000024850dcd9f0_0_0 .concat8 [ 1 1 1 1], L_0000024850cb4470, L_0000024850cb4080, L_0000024850cb42b0, L_0000024850e18d40;
LS_0000024850dcd9f0_0_4 .concat8 [ 1 1 1 1], L_0000024850e18db0, L_0000024850e18b80, L_0000024850e190c0, L_0000024850e18aa0;
L_0000024850dcd9f0 .concat8 [ 4 4 0 0], LS_0000024850dcd9f0_0_0, LS_0000024850dcd9f0_0_4;
LS_0000024850dccb90_0_0 .concat8 [ 1 1 1 1], L_0000024850dc5d90, L_0000024850dcd310, L_0000024850dcd270, L_0000024850dcd3b0;
LS_0000024850dccb90_0_4 .concat8 [ 1 1 1 1], L_0000024850dcddb0, L_0000024850dcdb30, L_0000024850dcd630, L_0000024850dcd810;
L_0000024850dccb90 .concat8 [ 4 4 0 0], LS_0000024850dccb90_0_0, LS_0000024850dccb90_0_4;
S_0000024850bf2ba0 .scope module, "b1" "oneBitFull" 2 29, 2 3 0, S_0000024850bf2a10;
 .timescale 0 0;
    .port_info 0 /INPUT 1 "a";
    .port_info 1 /INPUT 1 "b";
    .port_info 2 /INPUT 1 "c_in";
    .port_info 3 /OUTPUT 1 "f";
    .port_info 4 /OUTPUT 1 "c_out";
L_0000024850dd04e0 .functor BUFT 1, C4<0>, C4<0>, C4<0>, C4<0>;
L_0000024850e18f70 .functor AND 1, L_0000024850dd04e0, L_0000024850dcd8b0, C4<1>, C4<1>;
L_0000024850e18e90 .functor AND 1, L_0000024850dccff0, L_0000024850dcd8b0, C4<1>, C4<1>;
L_0000024850e184f0 .functor AND 1, L_0000024850dd04e0, L_0000024850dccff0, C4<1>, C4<1>;
L_0000024850e18bf0 .functor XOR 1, L_0000024850dd04e0, L_0000024850dccff0, C4<0>, C4<0>;
L_0000024850e18aa0 .functor XOR 1, L_0000024850e18bf0, L_0000024850dcd8b0, C4<0>, C4<0>;
v0000024850caea20_0 .net *"_ivl_0", 0 0, L_0000024850e18f70;  1 drivers
v0000024850caf2e0_0 .net *"_ivl_10", 0 0, L_0000024850e18bf0;  1 drivers
v0000024850caed40_0 .net *"_ivl_2", 0 0, L_0000024850e18e90;  1 drivers
v0000024850caee80_0 .net *"_ivl_4", 0 0, L_0000024850dcceb0;  1 drivers
v0000024850caef20_0 .net *"_ivl_6", 0 0, L_0000024850e184f0;  1 drivers
v0000024850c9cf00_0 .net "a", 0 0, L_0000024850dd04e0;  1 drivers
v0000024850c9cd20_0 .net "b", 0 0, L_0000024850dccff0;  1 drivers
v0000024850c9c640_0 .net "c_in", 0 0, L_0000024850dcd8b0;  1 drivers
v0000024850c9cfa0_0 .net "c_out", 0 0, L_0000024850dcd810;  1 drivers
v0000024850c73f90_0 .net "f", 0 0, L_0000024850e18aa0;  1 drivers
L_0000024850dcceb0 .arith/sum 1, L_0000024850e18f70, L_0000024850e18e90;
L_0000024850dcd810 .arith/sum 1, L_0000024850dcceb0, L_0000024850e184f0;
S_0000024850bf2d30 .scope module, "b2" "oneBitFull" 2 28, 2 3 0, S_0000024850bf2a10;
 .timescale 0 0;
    .port_info 0 /INPUT 1 "a";
    .port_info 1 /INPUT 1 "b";
    .port_info 2 /INPUT 1 "c_in";
    .port_info 3 /OUTPUT 1 "f";
    .port_info 4 /OUTPUT 1 "c_out";
L_0000024850e19210 .functor AND 1, L_0000024850dccd70, L_0000024850dcd770, C4<1>, C4<1>;
L_0000024850e18cd0 .functor AND 1, L_0000024850dccf50, L_0000024850dcd770, C4<1>, C4<1>;
L_0000024850e185d0 .functor AND 1, L_0000024850dccd70, L_0000024850dccf50, C4<1>, C4<1>;
L_0000024850e19130 .functor XOR 1, L_0000024850dccd70, L_0000024850dccf50, C4<0>, C4<0>;
L_0000024850e190c0 .functor XOR 1, L_0000024850e19130, L_0000024850dcd770, C4<0>, C4<0>;
v0000024850c72b90_0 .net *"_ivl_0", 0 0, L_0000024850e19210;  1 drivers
v0000024850dbbc50_0 .net *"_ivl_10", 0 0, L_0000024850e19130;  1 drivers
v0000024850dbc0b0_0 .net *"_ivl_2", 0 0, L_0000024850e18cd0;  1 drivers
v0000024850dbb430_0 .net *"_ivl_4", 0 0, L_0000024850dcd090;  1 drivers
v0000024850dbc650_0 .net *"_ivl_6", 0 0, L_0000024850e185d0;  1 drivers
v0000024850dbbd90_0 .net "a", 0 0, L_0000024850dccd70;  1 drivers
v0000024850dbc5b0_0 .net "b", 0 0, L_0000024850dccf50;  1 drivers
v0000024850dbc6f0_0 .net "c_in", 0 0, L_0000024850dcd770;  1 drivers
v0000024850dbc010_0 .net "c_out", 0 0, L_0000024850dcd630;  1 drivers
v0000024850dbcd30_0 .net "f", 0 0, L_0000024850e190c0;  1 drivers
L_0000024850dcd090 .arith/sum 1, L_0000024850e19210, L_0000024850e18cd0;
L_0000024850dcd630 .arith/sum 1, L_0000024850dcd090, L_0000024850e185d0;
S_0000024850c2ce60 .scope module, "b3" "oneBitFull" 2 27, 2 3 0, S_0000024850bf2a10;
 .timescale 0 0;
    .port_info 0 /INPUT 1 "a";
    .port_info 1 /INPUT 1 "b";
    .port_info 2 /INPUT 1 "c_in";
    .port_info 3 /OUTPUT 1 "f";
    .port_info 4 /OUTPUT 1 "c_out";
L_0000024850e193d0 .functor AND 1, L_0000024850dce2b0, L_0000024850dcce10, C4<1>, C4<1>;
L_0000024850e18560 .functor AND 1, L_0000024850dcdbd0, L_0000024850dcce10, C4<1>, C4<1>;
L_0000024850e18e20 .functor AND 1, L_0000024850dce2b0, L_0000024850dcdbd0, C4<1>, C4<1>;
L_0000024850e189c0 .functor XOR 1, L_0000024850dce2b0, L_0000024850dcdbd0, C4<0>, C4<0>;
L_0000024850e18b80 .functor XOR 1, L_0000024850e189c0, L_0000024850dcce10, C4<0>, C4<0>;
v0000024850dbc790_0 .net *"_ivl_0", 0 0, L_0000024850e193d0;  1 drivers
v0000024850dbcc90_0 .net *"_ivl_10", 0 0, L_0000024850e189c0;  1 drivers
v0000024850dbbb10_0 .net *"_ivl_2", 0 0, L_0000024850e18560;  1 drivers
v0000024850dbb070_0 .net *"_ivl_4", 0 0, L_0000024850dce210;  1 drivers
v0000024850dbc510_0 .net *"_ivl_6", 0 0, L_0000024850e18e20;  1 drivers
v0000024850dbc470_0 .net "a", 0 0, L_0000024850dce2b0;  1 drivers
v0000024850dbc830_0 .net "b", 0 0, L_0000024850dcdbd0;  1 drivers
v0000024850dbb750_0 .net "c_in", 0 0, L_0000024850dcce10;  1 drivers
v0000024850dbb110_0 .net "c_out", 0 0, L_0000024850dcdb30;  1 drivers
v0000024850dbb7f0_0 .net "f", 0 0, L_0000024850e18b80;  1 drivers
L_0000024850dce210 .arith/sum 1, L_0000024850e193d0, L_0000024850e18560;
L_0000024850dcdb30 .arith/sum 1, L_0000024850dce210, L_0000024850e18e20;
S_0000024850c2cff0 .scope module, "b4" "oneBitFull" 2 26, 2 3 0, S_0000024850bf2a10;
 .timescale 0 0;
    .port_info 0 /INPUT 1 "a";
    .port_info 1 /INPUT 1 "b";
    .port_info 2 /INPUT 1 "c_in";
    .port_info 3 /OUTPUT 1 "f";
    .port_info 4 /OUTPUT 1 "c_out";
L_0000024850e18950 .functor AND 1, L_0000024850dcde50, L_0000024850dcd6d0, C4<1>, C4<1>;
L_0000024850e18fe0 .functor AND 1, L_0000024850dcccd0, L_0000024850dcd6d0, C4<1>, C4<1>;
L_0000024850e191a0 .functor AND 1, L_0000024850dcde50, L_0000024850dcccd0, C4<1>, C4<1>;
L_0000024850e18870 .functor XOR 1, L_0000024850dcde50, L_0000024850dcccd0, C4<0>, C4<0>;
L_0000024850e18db0 .functor XOR 1, L_0000024850e18870, L_0000024850dcd6d0, C4<0>, C4<0>;
v0000024850dbc1f0_0 .net *"_ivl_0", 0 0, L_0000024850e18950;  1 drivers
v0000024850dbc8d0_0 .net *"_ivl_10", 0 0, L_0000024850e18870;  1 drivers
v0000024850dbb1b0_0 .net *"_ivl_2", 0 0, L_0000024850e18fe0;  1 drivers
v0000024850dbb890_0 .net *"_ivl_4", 0 0, L_0000024850dcd4f0;  1 drivers
v0000024850dbc3d0_0 .net *"_ivl_6", 0 0, L_0000024850e191a0;  1 drivers
v0000024850dbbcf0_0 .net "a", 0 0, L_0000024850dcde50;  1 drivers
v0000024850dbbbb0_0 .net "b", 0 0, L_0000024850dcccd0;  1 drivers
v0000024850dbbf70_0 .net "c_in", 0 0, L_0000024850dcd6d0;  1 drivers
v0000024850dbb6b0_0 .net "c_out", 0 0, L_0000024850dcddb0;  1 drivers
v0000024850dbcbf0_0 .net "f", 0 0, L_0000024850e18db0;  1 drivers
L_0000024850dcd4f0 .arith/sum 1, L_0000024850e18950, L_0000024850e18fe0;
L_0000024850dcddb0 .arith/sum 1, L_0000024850dcd4f0, L_0000024850e191a0;
S_0000024850c2d180 .scope module, "b5" "oneBitFull" 2 25, 2 3 0, S_0000024850bf2a10;
 .timescale 0 0;
    .port_info 0 /INPUT 1 "a";
    .port_info 1 /INPUT 1 "b";
    .port_info 2 /INPUT 1 "c_in";
    .port_info 3 /OUTPUT 1 "f";
    .port_info 4 /OUTPUT 1 "c_out";
L_0000024850cb4320 .functor AND 1, L_0000024850dcd450, L_0000024850dce350, C4<1>, C4<1>;
L_0000024850cb4400 .functor AND 1, L_0000024850dce170, L_0000024850dce350, C4<1>, C4<1>;
L_0000024850cb44e0 .functor AND 1, L_0000024850dcd450, L_0000024850dce170, C4<1>, C4<1>;
L_0000024850e18790 .functor XOR 1, L_0000024850dcd450, L_0000024850dce170, C4<0>, C4<0>;
L_0000024850e18d40 .functor XOR 1, L_0000024850e18790, L_0000024850dce350, C4<0>, C4<0>;
v0000024850dbc290_0 .net *"_ivl_0", 0 0, L_0000024850cb4320;  1 drivers
v0000024850dbb610_0 .net *"_ivl_10", 0 0, L_0000024850e18790;  1 drivers
v0000024850dbcdd0_0 .net *"_ivl_2", 0 0, L_0000024850cb4400;  1 drivers
v0000024850dbb2f0_0 .net *"_ivl_4", 0 0, L_0000024850dcd130;  1 drivers
v0000024850dbc970_0 .net *"_ivl_6", 0 0, L_0000024850cb44e0;  1 drivers
v0000024850dbc330_0 .net "a", 0 0, L_0000024850dcd450;  1 drivers
v0000024850dbcf10_0 .net "b", 0 0, L_0000024850dce170;  1 drivers
v0000024850dbbe30_0 .net "c_in", 0 0, L_0000024850dce350;  1 drivers
v0000024850dbb570_0 .net "c_out", 0 0, L_0000024850dcd3b0;  1 drivers
v0000024850dbca10_0 .net "f", 0 0, L_0000024850e18d40;  1 drivers
L_0000024850dcd130 .arith/sum 1, L_0000024850cb4320, L_0000024850cb4400;
L_0000024850dcd3b0 .arith/sum 1, L_0000024850dcd130, L_0000024850cb44e0;
S_0000024850c26350 .scope module, "b6" "oneBitFull" 2 24, 2 3 0, S_0000024850bf2a10;
 .timescale 0 0;
    .port_info 0 /INPUT 1 "a";
    .port_info 1 /INPUT 1 "b";
    .port_info 2 /INPUT 1 "c_in";
    .port_info 3 /OUTPUT 1 "f";
    .port_info 4 /OUTPUT 1 "c_out";
L_0000024850cb4860 .functor AND 1, L_0000024850dcdef0, L_0000024850dce0d0, C4<1>, C4<1>;
L_0000024850cb4160 .functor AND 1, L_0000024850dcd1d0, L_0000024850dce0d0, C4<1>, C4<1>;
L_0000024850cb40f0 .functor AND 1, L_0000024850dcdef0, L_0000024850dcd1d0, C4<1>, C4<1>;
L_0000024850cb4780 .functor XOR 1, L_0000024850dcdef0, L_0000024850dcd1d0, C4<0>, C4<0>;
L_0000024850cb42b0 .functor XOR 1, L_0000024850cb4780, L_0000024850dce0d0, C4<0>, C4<0>;
v0000024850dbcab0_0 .net *"_ivl_0", 0 0, L_0000024850cb4860;  1 drivers
v0000024850dbcb50_0 .net *"_ivl_10", 0 0, L_0000024850cb4780;  1 drivers
v0000024850dbce70_0 .net *"_ivl_2", 0 0, L_0000024850cb4160;  1 drivers
v0000024850dbb250_0 .net *"_ivl_4", 0 0, L_0000024850dcd950;  1 drivers
v0000024850dbbed0_0 .net *"_ivl_6", 0 0, L_0000024850cb40f0;  1 drivers
v0000024850dbb390_0 .net "a", 0 0, L_0000024850dcdef0;  1 drivers
v0000024850dbc150_0 .net "b", 0 0, L_0000024850dcd1d0;  1 drivers
v0000024850dbb4d0_0 .net "c_in", 0 0, L_0000024850dce0d0;  1 drivers
v0000024850dbb930_0 .net "c_out", 0 0, L_0000024850dcd270;  1 drivers
v0000024850dbb9d0_0 .net "f", 0 0, L_0000024850cb42b0;  1 drivers
L_0000024850dcd950 .arith/sum 1, L_0000024850cb4860, L_0000024850cb4160;
L_0000024850dcd270 .arith/sum 1, L_0000024850dcd950, L_0000024850cb40f0;
S_0000024850c264e0 .scope module, "b7" "oneBitFull" 2 23, 2 3 0, S_0000024850bf2a10;
 .timescale 0 0;
    .port_info 0 /INPUT 1 "a";
    .port_info 1 /INPUT 1 "b";
    .port_info 2 /INPUT 1 "c_in";
    .port_info 3 /OUTPUT 1 "f";
    .port_info 4 /OUTPUT 1 "c_out";
L_0000024850cb49b0 .functor AND 1, L_0000024850dcdf90, L_0000024850dcd590, C4<1>, C4<1>;
L_0000024850cb46a0 .functor AND 1, L_0000024850dce030, L_0000024850dcd590, C4<1>, C4<1>;
L_0000024850cb3f30 .functor AND 1, L_0000024850dcdf90, L_0000024850dce030, C4<1>, C4<1>;
L_0000024850cb3fa0 .functor XOR 1, L_0000024850dcdf90, L_0000024850dce030, C4<0>, C4<0>;
L_0000024850cb4080 .functor XOR 1, L_0000024850cb3fa0, L_0000024850dcd590, C4<0>, C4<0>;
v0000024850dbba70_0 .net *"_ivl_0", 0 0, L_0000024850cb49b0;  1 drivers
v0000024850cd8d50_0 .net *"_ivl_10", 0 0, L_0000024850cb3fa0;  1 drivers
v0000024850cd8a30_0 .net *"_ivl_2", 0 0, L_0000024850cb46a0;  1 drivers
v0000024850cd8e90_0 .net *"_ivl_4", 0 0, L_0000024850dcdc70;  1 drivers
v0000024850cd7a90_0 .net *"_ivl_6", 0 0, L_0000024850cb3f30;  1 drivers
v0000024850cd7b30_0 .net "a", 0 0, L_0000024850dcdf90;  1 drivers
v0000024850cd8df0_0 .net "b", 0 0, L_0000024850dce030;  1 drivers
v0000024850cd8fd0_0 .net "c_in", 0 0, L_0000024850dcd590;  1 drivers
v0000024850cd8170_0 .net "c_out", 0 0, L_0000024850dcd310;  1 drivers
v0000024850cd8ad0_0 .net "f", 0 0, L_0000024850cb4080;  1 drivers
L_0000024850dcdc70 .arith/sum 1, L_0000024850cb49b0, L_0000024850cb46a0;
L_0000024850dcd310 .arith/sum 1, L_0000024850dcdc70, L_0000024850cb3f30;
S_0000024850c26670 .scope module, "b8" "oneBitFull" 2 22, 2 3 0, S_0000024850bf2a10;
 .timescale 0 0;
    .port_info 0 /INPUT 1 "a";
    .port_info 1 /INPUT 1 "b";
    .port_info 2 /INPUT 1 "c_in";
    .port_info 3 /OUTPUT 1 "f";
    .port_info 4 /OUTPUT 1 "c_out";
L_0000024850dd0498 .functor BUFT 1, C4<1>, C4<0>, C4<0>, C4<0>;
L_0000024850cb4940 .functor AND 1, L_0000024850dcda90, L_0000024850dd0498, C4<1>, C4<1>;
L_0000024850cb47f0 .functor AND 1, L_0000024850dcdd10, L_0000024850dd0498, C4<1>, C4<1>;
L_0000024850cb3ec0 .functor AND 1, L_0000024850dcda90, L_0000024850dcdd10, C4<1>, C4<1>;
L_0000024850cb41d0 .functor XOR 1, L_0000024850dcda90, L_0000024850dcdd10, C4<0>, C4<0>;
L_0000024850cb4470 .functor XOR 1, L_0000024850cb41d0, L_0000024850dd0498, C4<0>, C4<0>;
v0000024850cd8b70_0 .net *"_ivl_0", 0 0, L_0000024850cb4940;  1 drivers
v0000024850cd8850_0 .net *"_ivl_10", 0 0, L_0000024850cb41d0;  1 drivers
v0000024850cd9110_0 .net *"_ivl_2", 0 0, L_0000024850cb47f0;  1 drivers
v0000024850cd8f30_0 .net *"_ivl_4", 0 0, L_0000024850dc5f70;  1 drivers
v0000024850cd8c10_0 .net *"_ivl_6", 0 0, L_0000024850cb3ec0;  1 drivers
v0000024850cd9070_0 .net "a", 0 0, L_0000024850dcda90;  1 drivers
v0000024850cd83f0_0 .net "b", 0 0, L_0000024850dcdd10;  1 drivers
v0000024850cd79f0_0 .net "c_in", 0 0, L_0000024850dd0498;  1 drivers
v0000024850cd9250_0 .net "c_out", 0 0, L_0000024850dc5d90;  1 drivers
v0000024850cd7db0_0 .net "f", 0 0, L_0000024850cb4470;  1 drivers
L_0000024850dc5f70 .arith/sum 1, L_0000024850cb4940, L_0000024850cb47f0;
L_0000024850dc5d90 .arith/sum 1, L_0000024850dc5f70, L_0000024850cb3ec0;
S_0000024850c33560 .scope module, "ascii2Braile" "ascii2Braile" 3 5;
 .timescale 0 0;
    .port_info 0 /INPUT 7 "ascii";
    .port_info 1 /OUTPUT 8 "braile";
L_0000024850e22260 .functor BUFZ 8, v0000024850dc5a70_0, C4<00000000>, C4<00000000>, C4<00000000>;
o0000024850d72fc8 .functor BUFZ 7, C4<zzzzzzz>; HiZ drive
v0000024850dc5570_0 .net "ascii", 6 0, o0000024850d72fc8;  0 drivers
v0000024850dc5610_0 .net "braile", 7 0, L_0000024850e22260;  1 drivers
v0000024850dc5750_0 .net "convertedLower", 5 0, v0000024850cd92f0_0;  1 drivers
v0000024850dc57f0_0 .net "convertedNumber", 5 0, v0000024850dc0550_0;  1 drivers
v0000024850dc5930_0 .net "convertedSymbol", 5 0, v0000024850dc4350_0;  1 drivers
v0000024850dc59d0_0 .net "convertedUpper", 5 0, v0000024850dc45d0_0;  1 drivers
v0000024850dc5ed0_0 .net "lowerLookup", 7 0, L_0000024850e1eb10;  1 drivers
v0000024850dc5cf0_0 .net "numberLookup", 7 0, L_0000024850dcc910;  1 drivers
v0000024850dc5a70_0 .var "out", 7 0;
v0000024850dc5b10_0 .net "upperLookup", 7 0, L_0000024850e1dfd0;  1 drivers
E_0000024850cc4160 .event anyedge, v0000024850dc45d0_0, v0000024850cd92f0_0, v0000024850dc0550_0, v0000024850dc4350_0;
L_0000024850dcbdd0 .part o0000024850d72fc8, 0, 6;
L_0000024850dca570 .part L_0000024850dcc910, 0, 6;
L_0000024850e1e9d0 .part L_0000024850e1eb10, 0, 6;
L_0000024850e1e890 .part L_0000024850e1dfd0, 0, 6;
S_0000024850c35ae0 .scope module, "lowerTable" "lookupTable" 3 26, 4 3 0, S_0000024850c33560;
 .timescale 0 0;
    .port_info 0 /INPUT 6 "in";
    .port_info 1 /OUTPUT 6 "out";
v0000024850cd9570_0 .net "in", 5 0, L_0000024850e1e9d0;  1 drivers
v0000024850cd92f0_0 .var "out", 5 0;
E_0000024850cc4620 .event anyedge, v0000024850cd9570_0;
S_0000024850c35c70 .scope module, "lowercase" "eightBitSub" 3 25, 2 13 0, S_0000024850c33560;
 .timescale 0 0;
    .port_info 0 /INPUT 7 "a";
    .port_info 1 /INPUT 8 "s";
    .port_info 2 /OUTPUT 8 "f";
L_0000024850dd0690 .functor BUFT 1, C4<01100001>, C4<0>, C4<0>, C4<0>;
L_0000024850e19a40 .functor NOT 8, L_0000024850dd0690, C4<00000000>, C4<00000000>, C4<00000000>;
v0000024850dbd5d0_0 .net "a", 6 0, o0000024850d72fc8;  alias, 0 drivers
v0000024850dbea70_0 .net "c", 7 0, L_0000024850e1dad0;  1 drivers
v0000024850dbf330_0 .net "f", 7 0, L_0000024850e1eb10;  alias, 1 drivers
v0000024850dbfb50_0 .net "s", 7 0, L_0000024850dd0690;  1 drivers
v0000024850dbda30_0 .net "si", 7 0, L_0000024850e19a40;  1 drivers
L_0000024850dca7f0 .part o0000024850d72fc8, 0, 1;
L_0000024850dcaf70 .part L_0000024850e19a40, 0, 1;
L_0000024850dccaf0 .part o0000024850d72fc8, 1, 1;
L_0000024850dca930 .part L_0000024850e19a40, 1, 1;
L_0000024850dcb010 .part L_0000024850e1dad0, 0, 1;
L_0000024850dcbd30 .part o0000024850d72fc8, 2, 1;
L_0000024850dcc230 .part L_0000024850e19a40, 2, 1;
L_0000024850dcabb0 .part L_0000024850e1dad0, 1, 1;
L_0000024850dcb290 .part o0000024850d72fc8, 3, 1;
L_0000024850dcb5b0 .part L_0000024850e19a40, 3, 1;
L_0000024850dcb830 .part L_0000024850e1dad0, 2, 1;
L_0000024850e1e110 .part o0000024850d72fc8, 4, 1;
L_0000024850e1eed0 .part L_0000024850e19a40, 4, 1;
L_0000024850e1e610 .part L_0000024850e1dad0, 3, 1;
L_0000024850e1f010 .part o0000024850d72fc8, 5, 1;
L_0000024850e1f650 .part L_0000024850e19a40, 5, 1;
L_0000024850e1fab0 .part L_0000024850e1dad0, 4, 1;
L_0000024850e1f1f0 .part o0000024850d72fc8, 6, 1;
L_0000024850e1d670 .part L_0000024850e19a40, 6, 1;
L_0000024850e1f290 .part L_0000024850e1dad0, 5, 1;
L_0000024850e1d710 .part L_0000024850e19a40, 7, 1;
L_0000024850e1f5b0 .part L_0000024850e1dad0, 6, 1;
LS_0000024850e1eb10_0_0 .concat8 [ 1 1 1 1], L_0000024850e19880, L_0000024850e19ff0, L_0000024850e1abc0, L_0000024850e19e30;
LS_0000024850e1eb10_0_4 .concat8 [ 1 1 1 1], L_0000024850e1a060, L_0000024850e19f80, L_0000024850e1a760, L_0000024850e1b3a0;
L_0000024850e1eb10 .concat8 [ 4 4 0 0], LS_0000024850e1eb10_0_0, LS_0000024850e1eb10_0_4;
LS_0000024850e1dad0_0_0 .concat8 [ 1 1 1 1], L_0000024850dca610, L_0000024850dcb150, L_0000024850dcaa70, L_0000024850dcb1f0;
LS_0000024850e1dad0_0_4 .concat8 [ 1 1 1 1], L_0000024850dcb8d0, L_0000024850e1f510, L_0000024850e1e2f0, L_0000024850e1f150;
L_0000024850e1dad0 .concat8 [ 4 4 0 0], LS_0000024850e1dad0_0_0, LS_0000024850e1dad0_0_4;
S_0000024850c35e00 .scope module, "b1" "oneBitFull" 2 29, 2 3 0, S_0000024850c35c70;
 .timescale 0 0;
    .port_info 0 /INPUT 1 "a";
    .port_info 1 /INPUT 1 "b";
    .port_info 2 /INPUT 1 "c_in";
    .port_info 3 /OUTPUT 1 "f";
    .port_info 4 /OUTPUT 1 "c_out";
L_0000024850dd0648 .functor BUFT 1, C4<0>, C4<0>, C4<0>, C4<0>;
L_0000024850e1b170 .functor AND 1, L_0000024850dd0648, L_0000024850e1f5b0, C4<1>, C4<1>;
L_0000024850e1b100 .functor AND 1, L_0000024850e1d710, L_0000024850e1f5b0, C4<1>, C4<1>;
L_0000024850e1b2c0 .functor AND 1, L_0000024850dd0648, L_0000024850e1d710, C4<1>, C4<1>;
L_0000024850e1b330 .functor XOR 1, L_0000024850dd0648, L_0000024850e1d710, C4<0>, C4<0>;
L_0000024850e1b3a0 .functor XOR 1, L_0000024850e1b330, L_0000024850e1f5b0, C4<0>, C4<0>;
v0000024850cd7c70_0 .net *"_ivl_0", 0 0, L_0000024850e1b170;  1 drivers
v0000024850cd82b0_0 .net *"_ivl_10", 0 0, L_0000024850e1b330;  1 drivers
v0000024850cd76d0_0 .net *"_ivl_2", 0 0, L_0000024850e1b100;  1 drivers
v0000024850cd94d0_0 .net *"_ivl_4", 0 0, L_0000024850e1e250;  1 drivers
v0000024850cd9390_0 .net *"_ivl_6", 0 0, L_0000024850e1b2c0;  1 drivers
v0000024850cd78b0_0 .net "a", 0 0, L_0000024850dd0648;  1 drivers
v0000024850cd7ef0_0 .net "b", 0 0, L_0000024850e1d710;  1 drivers
v0000024850cd8030_0 .net "c_in", 0 0, L_0000024850e1f5b0;  1 drivers
v0000024850cd9430_0 .net "c_out", 0 0, L_0000024850e1f150;  1 drivers
v0000024850cd85d0_0 .net "f", 0 0, L_0000024850e1b3a0;  1 drivers
L_0000024850e1e250 .arith/sum 1, L_0000024850e1b170, L_0000024850e1b100;
L_0000024850e1f150 .arith/sum 1, L_0000024850e1e250, L_0000024850e1b2c0;
S_0000024850c2a070 .scope module, "b2" "oneBitFull" 2 28, 2 3 0, S_0000024850c35c70;
 .timescale 0 0;
    .port_info 0 /INPUT 1 "a";
    .port_info 1 /INPUT 1 "b";
    .port_info 2 /INPUT 1 "c_in";
    .port_info 3 /OUTPUT 1 "f";
    .port_info 4 /OUTPUT 1 "c_out";
L_0000024850e1a0d0 .functor AND 1, L_0000024850e1f1f0, L_0000024850e1f290, C4<1>, C4<1>;
L_0000024850e1a220 .functor AND 1, L_0000024850e1d670, L_0000024850e1f290, C4<1>, C4<1>;
L_0000024850e1a290 .functor AND 1, L_0000024850e1f1f0, L_0000024850e1d670, C4<1>, C4<1>;
L_0000024850e1a300 .functor XOR 1, L_0000024850e1f1f0, L_0000024850e1d670, C4<0>, C4<0>;
L_0000024850e1a760 .functor XOR 1, L_0000024850e1a300, L_0000024850e1f290, C4<0>, C4<0>;
v0000024850cd8670_0 .net *"_ivl_0", 0 0, L_0000024850e1a0d0;  1 drivers
v0000024850cd7950_0 .net *"_ivl_10", 0 0, L_0000024850e1a300;  1 drivers
v0000024850cd7d10_0 .net *"_ivl_2", 0 0, L_0000024850e1a220;  1 drivers
v0000024850cd7f90_0 .net *"_ivl_4", 0 0, L_0000024850e1dc10;  1 drivers
v0000024850cd8710_0 .net *"_ivl_6", 0 0, L_0000024850e1a290;  1 drivers
v0000024850cd80d0_0 .net "a", 0 0, L_0000024850e1f1f0;  1 drivers
v0000024850cd8210_0 .net "b", 0 0, L_0000024850e1d670;  1 drivers
v0000024850cd8350_0 .net "c_in", 0 0, L_0000024850e1f290;  1 drivers
v0000024850cd87b0_0 .net "c_out", 0 0, L_0000024850e1e2f0;  1 drivers
v0000024850cd88f0_0 .net "f", 0 0, L_0000024850e1a760;  1 drivers
L_0000024850e1dc10 .arith/sum 1, L_0000024850e1a0d0, L_0000024850e1a220;
L_0000024850e1e2f0 .arith/sum 1, L_0000024850e1dc10, L_0000024850e1a290;
S_0000024850c2a200 .scope module, "b3" "oneBitFull" 2 27, 2 3 0, S_0000024850c35c70;
 .timescale 0 0;
    .port_info 0 /INPUT 1 "a";
    .port_info 1 /INPUT 1 "b";
    .port_info 2 /INPUT 1 "c_in";
    .port_info 3 /OUTPUT 1 "f";
    .port_info 4 /OUTPUT 1 "c_out";
L_0000024850e197a0 .functor AND 1, L_0000024850e1f010, L_0000024850e1fab0, C4<1>, C4<1>;
L_0000024850e19810 .functor AND 1, L_0000024850e1f650, L_0000024850e1fab0, C4<1>, C4<1>;
L_0000024850e19960 .functor AND 1, L_0000024850e1f010, L_0000024850e1f650, C4<1>, C4<1>;
L_0000024850e19f10 .functor XOR 1, L_0000024850e1f010, L_0000024850e1f650, C4<0>, C4<0>;
L_0000024850e19f80 .functor XOR 1, L_0000024850e19f10, L_0000024850e1fab0, C4<0>, C4<0>;
v0000024850cd8990_0 .net *"_ivl_0", 0 0, L_0000024850e197a0;  1 drivers
v0000024850cda180_0 .net *"_ivl_10", 0 0, L_0000024850e19f10;  1 drivers
v0000024850cd9780_0 .net *"_ivl_2", 0 0, L_0000024850e19810;  1 drivers
v0000024850cd9e60_0 .net *"_ivl_4", 0 0, L_0000024850e1d5d0;  1 drivers
v0000024850cdb080_0 .net *"_ivl_6", 0 0, L_0000024850e19960;  1 drivers
v0000024850cdafe0_0 .net "a", 0 0, L_0000024850e1f010;  1 drivers
v0000024850cda2c0_0 .net "b", 0 0, L_0000024850e1f650;  1 drivers
v0000024850cdb4e0_0 .net "c_in", 0 0, L_0000024850e1fab0;  1 drivers
v0000024850cda680_0 .net "c_out", 0 0, L_0000024850e1f510;  1 drivers
v0000024850cdacc0_0 .net "f", 0 0, L_0000024850e19f80;  1 drivers
L_0000024850e1d5d0 .arith/sum 1, L_0000024850e197a0, L_0000024850e19810;
L_0000024850e1f510 .arith/sum 1, L_0000024850e1d5d0, L_0000024850e19960;
S_0000024850c2a390 .scope module, "b4" "oneBitFull" 2 26, 2 3 0, S_0000024850c35c70;
 .timescale 0 0;
    .port_info 0 /INPUT 1 "a";
    .port_info 1 /INPUT 1 "b";
    .port_info 2 /INPUT 1 "c_in";
    .port_info 3 /OUTPUT 1 "f";
    .port_info 4 /OUTPUT 1 "c_out";
L_0000024850e1afb0 .functor AND 1, L_0000024850e1e110, L_0000024850e1e610, C4<1>, C4<1>;
L_0000024850e19570 .functor AND 1, L_0000024850e1eed0, L_0000024850e1e610, C4<1>, C4<1>;
L_0000024850e19730 .functor AND 1, L_0000024850e1e110, L_0000024850e1eed0, C4<1>, C4<1>;
L_0000024850e19ea0 .functor XOR 1, L_0000024850e1e110, L_0000024850e1eed0, C4<0>, C4<0>;
L_0000024850e1a060 .functor XOR 1, L_0000024850e19ea0, L_0000024850e1e610, C4<0>, C4<0>;
v0000024850cdac20_0 .net *"_ivl_0", 0 0, L_0000024850e1afb0;  1 drivers
v0000024850cd96e0_0 .net *"_ivl_10", 0 0, L_0000024850e19ea0;  1 drivers
v0000024850cd9820_0 .net *"_ivl_2", 0 0, L_0000024850e19570;  1 drivers
v0000024850cda220_0 .net *"_ivl_4", 0 0, L_0000024850dcc370;  1 drivers
v0000024850cd9c80_0 .net *"_ivl_6", 0 0, L_0000024850e19730;  1 drivers
v0000024850cda860_0 .net "a", 0 0, L_0000024850e1e110;  1 drivers
v0000024850cda7c0_0 .net "b", 0 0, L_0000024850e1eed0;  1 drivers
v0000024850cda360_0 .net "c_in", 0 0, L_0000024850e1e610;  1 drivers
v0000024850cdb120_0 .net "c_out", 0 0, L_0000024850dcb8d0;  1 drivers
v0000024850cd98c0_0 .net "f", 0 0, L_0000024850e1a060;  1 drivers
L_0000024850dcc370 .arith/sum 1, L_0000024850e1afb0, L_0000024850e19570;
L_0000024850dcb8d0 .arith/sum 1, L_0000024850dcc370, L_0000024850e19730;
S_0000024850cdb880 .scope module, "b5" "oneBitFull" 2 25, 2 3 0, S_0000024850c35c70;
 .timescale 0 0;
    .port_info 0 /INPUT 1 "a";
    .port_info 1 /INPUT 1 "b";
    .port_info 2 /INPUT 1 "c_in";
    .port_info 3 /OUTPUT 1 "f";
    .port_info 4 /OUTPUT 1 "c_out";
L_0000024850e19500 .functor AND 1, L_0000024850dcb290, L_0000024850dcb830, C4<1>, C4<1>;
L_0000024850e1aed0 .functor AND 1, L_0000024850dcb5b0, L_0000024850dcb830, C4<1>, C4<1>;
L_0000024850e1a5a0 .functor AND 1, L_0000024850dcb290, L_0000024850dcb5b0, C4<1>, C4<1>;
L_0000024850e196c0 .functor XOR 1, L_0000024850dcb290, L_0000024850dcb5b0, C4<0>, C4<0>;
L_0000024850e19e30 .functor XOR 1, L_0000024850e196c0, L_0000024850dcb830, C4<0>, C4<0>;
v0000024850cdad60_0 .net *"_ivl_0", 0 0, L_0000024850e19500;  1 drivers
v0000024850cdb1c0_0 .net *"_ivl_10", 0 0, L_0000024850e196c0;  1 drivers
v0000024850cdab80_0 .net *"_ivl_2", 0 0, L_0000024850e1aed0;  1 drivers
v0000024850cdb3a0_0 .net *"_ivl_4", 0 0, L_0000024850dcb0b0;  1 drivers
v0000024850cd9960_0 .net *"_ivl_6", 0 0, L_0000024850e1a5a0;  1 drivers
v0000024850cd9a00_0 .net "a", 0 0, L_0000024850dcb290;  1 drivers
v0000024850cd9aa0_0 .net "b", 0 0, L_0000024850dcb5b0;  1 drivers
v0000024850cdb300_0 .net "c_in", 0 0, L_0000024850dcb830;  1 drivers
v0000024850cdb260_0 .net "c_out", 0 0, L_0000024850dcb1f0;  1 drivers
v0000024850cdb440_0 .net "f", 0 0, L_0000024850e19e30;  1 drivers
L_0000024850dcb0b0 .arith/sum 1, L_0000024850e19500, L_0000024850e1aed0;
L_0000024850dcb1f0 .arith/sum 1, L_0000024850dcb0b0, L_0000024850e1a5a0;
S_0000024850cdbd30 .scope module, "b6" "oneBitFull" 2 24, 2 3 0, S_0000024850c35c70;
 .timescale 0 0;
    .port_info 0 /INPUT 1 "a";
    .port_info 1 /INPUT 1 "b";
    .port_info 2 /INPUT 1 "c_in";
    .port_info 3 /OUTPUT 1 "f";
    .port_info 4 /OUTPUT 1 "c_out";
L_0000024850e19dc0 .functor AND 1, L_0000024850dcbd30, L_0000024850dcabb0, C4<1>, C4<1>;
L_0000024850e1aae0 .functor AND 1, L_0000024850dcc230, L_0000024850dcabb0, C4<1>, C4<1>;
L_0000024850e1b020 .functor AND 1, L_0000024850dcbd30, L_0000024850dcc230, C4<1>, C4<1>;
L_0000024850e1ab50 .functor XOR 1, L_0000024850dcbd30, L_0000024850dcc230, C4<0>, C4<0>;
L_0000024850e1abc0 .functor XOR 1, L_0000024850e1ab50, L_0000024850dcabb0, C4<0>, C4<0>;
v0000024850cda400_0 .net *"_ivl_0", 0 0, L_0000024850e19dc0;  1 drivers
v0000024850cd9f00_0 .net *"_ivl_10", 0 0, L_0000024850e1ab50;  1 drivers
v0000024850cdb580_0 .net *"_ivl_2", 0 0, L_0000024850e1aae0;  1 drivers
v0000024850cda040_0 .net *"_ivl_4", 0 0, L_0000024850dca9d0;  1 drivers
v0000024850cda4a0_0 .net *"_ivl_6", 0 0, L_0000024850e1b020;  1 drivers
v0000024850cd9fa0_0 .net "a", 0 0, L_0000024850dcbd30;  1 drivers
v0000024850cdae00_0 .net "b", 0 0, L_0000024850dcc230;  1 drivers
v0000024850cdaae0_0 .net "c_in", 0 0, L_0000024850dcabb0;  1 drivers
v0000024850cdaf40_0 .net "c_out", 0 0, L_0000024850dcaa70;  1 drivers
v0000024850cda900_0 .net "f", 0 0, L_0000024850e1abc0;  1 drivers
L_0000024850dca9d0 .arith/sum 1, L_0000024850e19dc0, L_0000024850e1aae0;
L_0000024850dcaa70 .arith/sum 1, L_0000024850dca9d0, L_0000024850e1b020;
S_0000024850cdbec0 .scope module, "b7" "oneBitFull" 2 23, 2 3 0, S_0000024850c35c70;
 .timescale 0 0;
    .port_info 0 /INPUT 1 "a";
    .port_info 1 /INPUT 1 "b";
    .port_info 2 /INPUT 1 "c_in";
    .port_info 3 /OUTPUT 1 "f";
    .port_info 4 /OUTPUT 1 "c_out";
L_0000024850e195e0 .functor AND 1, L_0000024850dccaf0, L_0000024850dcb010, C4<1>, C4<1>;
L_0000024850e1a530 .functor AND 1, L_0000024850dca930, L_0000024850dcb010, C4<1>, C4<1>;
L_0000024850e19c70 .functor AND 1, L_0000024850dccaf0, L_0000024850dca930, C4<1>, C4<1>;
L_0000024850e19d50 .functor XOR 1, L_0000024850dccaf0, L_0000024850dca930, C4<0>, C4<0>;
L_0000024850e19ff0 .functor XOR 1, L_0000024850e19d50, L_0000024850dcb010, C4<0>, C4<0>;
v0000024850cda9a0_0 .net *"_ivl_0", 0 0, L_0000024850e195e0;  1 drivers
v0000024850cdaea0_0 .net *"_ivl_10", 0 0, L_0000024850e19d50;  1 drivers
v0000024850cd9b40_0 .net *"_ivl_2", 0 0, L_0000024850e1a530;  1 drivers
v0000024850cd9be0_0 .net *"_ivl_4", 0 0, L_0000024850dca890;  1 drivers
v0000024850cd9d20_0 .net *"_ivl_6", 0 0, L_0000024850e19c70;  1 drivers
v0000024850cd9dc0_0 .net "a", 0 0, L_0000024850dccaf0;  1 drivers
v0000024850cda0e0_0 .net "b", 0 0, L_0000024850dca930;  1 drivers
v0000024850cda540_0 .net "c_in", 0 0, L_0000024850dcb010;  1 drivers
v0000024850cda5e0_0 .net "c_out", 0 0, L_0000024850dcb150;  1 drivers
v0000024850cda720_0 .net "f", 0 0, L_0000024850e19ff0;  1 drivers
L_0000024850dca890 .arith/sum 1, L_0000024850e195e0, L_0000024850e1a530;
L_0000024850dcb150 .arith/sum 1, L_0000024850dca890, L_0000024850e19c70;
S_0000024850cdba10 .scope module, "b8" "oneBitFull" 2 22, 2 3 0, S_0000024850c35c70;
 .timescale 0 0;
    .port_info 0 /INPUT 1 "a";
    .port_info 1 /INPUT 1 "b";
    .port_info 2 /INPUT 1 "c_in";
    .port_info 3 /OUTPUT 1 "f";
    .port_info 4 /OUTPUT 1 "c_out";
L_0000024850dd0600 .functor BUFT 1, C4<1>, C4<0>, C4<0>, C4<0>;
L_0000024850e19c00 .functor AND 1, L_0000024850dca7f0, L_0000024850dd0600, C4<1>, C4<1>;
L_0000024850e1a1b0 .functor AND 1, L_0000024850dcaf70, L_0000024850dd0600, C4<1>, C4<1>;
L_0000024850e19ce0 .functor AND 1, L_0000024850dca7f0, L_0000024850dcaf70, C4<1>, C4<1>;
L_0000024850e1a610 .functor XOR 1, L_0000024850dca7f0, L_0000024850dcaf70, C4<0>, C4<0>;
L_0000024850e19880 .functor XOR 1, L_0000024850e1a610, L_0000024850dd0600, C4<0>, C4<0>;
v0000024850cdaa40_0 .net *"_ivl_0", 0 0, L_0000024850e19c00;  1 drivers
v0000024850dbe930_0 .net *"_ivl_10", 0 0, L_0000024850e1a610;  1 drivers
v0000024850dbe1b0_0 .net *"_ivl_2", 0 0, L_0000024850e1a1b0;  1 drivers
v0000024850dbecf0_0 .net *"_ivl_4", 0 0, L_0000024850dcc9b0;  1 drivers
v0000024850dbebb0_0 .net *"_ivl_6", 0 0, L_0000024850e19ce0;  1 drivers
v0000024850dbd7b0_0 .net "a", 0 0, L_0000024850dca7f0;  1 drivers
v0000024850dbf010_0 .net "b", 0 0, L_0000024850dcaf70;  1 drivers
v0000024850dbf5b0_0 .net "c_in", 0 0, L_0000024850dd0600;  1 drivers
v0000024850dbe610_0 .net "c_out", 0 0, L_0000024850dca610;  1 drivers
v0000024850dbe6b0_0 .net "f", 0 0, L_0000024850e19880;  1 drivers
L_0000024850dcc9b0 .arith/sum 1, L_0000024850e19c00, L_0000024850e1a1b0;
L_0000024850dca610 .arith/sum 1, L_0000024850dcc9b0, L_0000024850e19ce0;
S_0000024850cdc500 .scope module, "number" "eightBitSub" 3 23, 2 13 0, S_0000024850c33560;
 .timescale 0 0;
    .port_info 0 /INPUT 7 "a";
    .port_info 1 /INPUT 8 "s";
    .port_info 2 /OUTPUT 8 "f";
L_0000024850dd05b8 .functor BUFT 1, C4<00110001>, C4<0>, C4<0>, C4<0>;
L_0000024850e18a30 .functor NOT 8, L_0000024850dd05b8, C4<00000000>, C4<00000000>, C4<00000000>;
v0000024850dc00f0_0 .net "a", 6 0, o0000024850d72fc8;  alias, 0 drivers
v0000024850dbfe70_0 .net "c", 7 0, L_0000024850dcc2d0;  1 drivers
v0000024850dc0190_0 .net "f", 7 0, L_0000024850dcc910;  alias, 1 drivers
v0000024850dc02d0_0 .net "s", 7 0, L_0000024850dd05b8;  1 drivers
v0000024850dc04b0_0 .net "si", 7 0, L_0000024850e18a30;  1 drivers
L_0000024850dcae30 .part o0000024850d72fc8, 0, 1;
L_0000024850dcc4b0 .part L_0000024850e18a30, 0, 1;
L_0000024850dcb650 .part o0000024850d72fc8, 1, 1;
L_0000024850dcc870 .part L_0000024850e18a30, 1, 1;
L_0000024850dcc7d0 .part L_0000024850dcc2d0, 0, 1;
L_0000024850dcb330 .part o0000024850d72fc8, 2, 1;
L_0000024850dcbe70 .part L_0000024850e18a30, 2, 1;
L_0000024850dca4d0 .part L_0000024850dcc2d0, 1, 1;
L_0000024850dca6b0 .part o0000024850d72fc8, 3, 1;
L_0000024850dcbab0 .part L_0000024850e18a30, 3, 1;
L_0000024850dcca50 .part L_0000024850dcc2d0, 2, 1;
L_0000024850dcb3d0 .part o0000024850d72fc8, 4, 1;
L_0000024850dcbbf0 .part L_0000024850e18a30, 4, 1;
L_0000024850dcbb50 .part L_0000024850dcc2d0, 3, 1;
L_0000024850dcc0f0 .part o0000024850d72fc8, 5, 1;
L_0000024850dcb970 .part L_0000024850e18a30, 5, 1;
L_0000024850dcbfb0 .part L_0000024850dcc2d0, 4, 1;
L_0000024850dcacf0 .part o0000024850d72fc8, 6, 1;
L_0000024850dcb510 .part L_0000024850e18a30, 6, 1;
L_0000024850dcb470 .part L_0000024850dcc2d0, 5, 1;
L_0000024850dcb790 .part L_0000024850e18a30, 7, 1;
L_0000024850dcc190 .part L_0000024850dcc2d0, 6, 1;
LS_0000024850dcc910_0_0 .concat8 [ 1 1 1 1], L_0000024850e18c60, L_0000024850e19360, L_0000024850e1a840, L_0000024850e1a450;
LS_0000024850dcc910_0_4 .concat8 [ 1 1 1 1], L_0000024850e19650, L_0000024850e1aa00, L_0000024850e19ab0, L_0000024850e1aa70;
L_0000024850dcc910 .concat8 [ 4 4 0 0], LS_0000024850dcc910_0_0, LS_0000024850dcc910_0_4;
LS_0000024850dcc2d0_0_0 .concat8 [ 1 1 1 1], L_0000024850dccc30, L_0000024850dcc410, L_0000024850dcac50, L_0000024850dcab10;
LS_0000024850dcc2d0_0_4 .concat8 [ 1 1 1 1], L_0000024850dcbf10, L_0000024850dcba10, L_0000024850dcbc90, L_0000024850dcb6f0;
L_0000024850dcc2d0 .concat8 [ 4 4 0 0], LS_0000024850dcc2d0_0_0, LS_0000024850dcc2d0_0_4;
S_0000024850cdc050 .scope module, "b1" "oneBitFull" 2 29, 2 3 0, S_0000024850cdc500;
 .timescale 0 0;
    .port_info 0 /INPUT 1 "a";
    .port_info 1 /INPUT 1 "b";
    .port_info 2 /INPUT 1 "c_in";
    .port_info 3 /OUTPUT 1 "f";
    .port_info 4 /OUTPUT 1 "c_out";
L_0000024850dd0570 .functor BUFT 1, C4<0>, C4<0>, C4<0>, C4<0>;
L_0000024850e1a4c0 .functor AND 1, L_0000024850dd0570, L_0000024850dcc190, C4<1>, C4<1>;
L_0000024850e19b90 .functor AND 1, L_0000024850dcb790, L_0000024850dcc190, C4<1>, C4<1>;
L_0000024850e1b090 .functor AND 1, L_0000024850dd0570, L_0000024850dcb790, C4<1>, C4<1>;
L_0000024850e1ae60 .functor XOR 1, L_0000024850dd0570, L_0000024850dcb790, C4<0>, C4<0>;
L_0000024850e1aa70 .functor XOR 1, L_0000024850e1ae60, L_0000024850dcc190, C4<0>, C4<0>;
v0000024850dbf8d0_0 .net *"_ivl_0", 0 0, L_0000024850e1a4c0;  1 drivers
v0000024850dbf3d0_0 .net *"_ivl_10", 0 0, L_0000024850e1ae60;  1 drivers
v0000024850dbf1f0_0 .net *"_ivl_2", 0 0, L_0000024850e19b90;  1 drivers
v0000024850dbf970_0 .net *"_ivl_4", 0 0, L_0000024850dca750;  1 drivers
v0000024850dbf0b0_0 .net *"_ivl_6", 0 0, L_0000024850e1b090;  1 drivers
v0000024850dbed90_0 .net "a", 0 0, L_0000024850dd0570;  1 drivers
v0000024850dbe9d0_0 .net "b", 0 0, L_0000024850dcb790;  1 drivers
v0000024850dbee30_0 .net "c_in", 0 0, L_0000024850dcc190;  1 drivers
v0000024850dbd850_0 .net "c_out", 0 0, L_0000024850dcb6f0;  1 drivers
v0000024850dbe250_0 .net "f", 0 0, L_0000024850e1aa70;  1 drivers
L_0000024850dca750 .arith/sum 1, L_0000024850e1a4c0, L_0000024850e19b90;
L_0000024850dcb6f0 .arith/sum 1, L_0000024850dca750, L_0000024850e1b090;
S_0000024850cdbba0 .scope module, "b2" "oneBitFull" 2 28, 2 3 0, S_0000024850cdc500;
 .timescale 0 0;
    .port_info 0 /INPUT 1 "a";
    .port_info 1 /INPUT 1 "b";
    .port_info 2 /INPUT 1 "c_in";
    .port_info 3 /OUTPUT 1 "f";
    .port_info 4 /OUTPUT 1 "c_out";
L_0000024850e199d0 .functor AND 1, L_0000024850dcacf0, L_0000024850dcb470, C4<1>, C4<1>;
L_0000024850e1adf0 .functor AND 1, L_0000024850dcb510, L_0000024850dcb470, C4<1>, C4<1>;
L_0000024850e1a990 .functor AND 1, L_0000024850dcacf0, L_0000024850dcb510, C4<1>, C4<1>;
L_0000024850e1a680 .functor XOR 1, L_0000024850dcacf0, L_0000024850dcb510, C4<0>, C4<0>;
L_0000024850e19ab0 .functor XOR 1, L_0000024850e1a680, L_0000024850dcb470, C4<0>, C4<0>;
v0000024850dbeed0_0 .net *"_ivl_0", 0 0, L_0000024850e199d0;  1 drivers
v0000024850dbe430_0 .net *"_ivl_10", 0 0, L_0000024850e1a680;  1 drivers
v0000024850dbe110_0 .net *"_ivl_2", 0 0, L_0000024850e1adf0;  1 drivers
v0000024850dbf830_0 .net *"_ivl_4", 0 0, L_0000024850dcc730;  1 drivers
v0000024850dbf150_0 .net *"_ivl_6", 0 0, L_0000024850e1a990;  1 drivers
v0000024850dbfbf0_0 .net "a", 0 0, L_0000024850dcacf0;  1 drivers
v0000024850dbf470_0 .net "b", 0 0, L_0000024850dcb510;  1 drivers
v0000024850dbfa10_0 .net "c_in", 0 0, L_0000024850dcb470;  1 drivers
v0000024850dbe570_0 .net "c_out", 0 0, L_0000024850dcbc90;  1 drivers
v0000024850dbd8f0_0 .net "f", 0 0, L_0000024850e19ab0;  1 drivers
L_0000024850dcc730 .arith/sum 1, L_0000024850e199d0, L_0000024850e1adf0;
L_0000024850dcbc90 .arith/sum 1, L_0000024850dcc730, L_0000024850e1a990;
S_0000024850cdc1e0 .scope module, "b3" "oneBitFull" 2 27, 2 3 0, S_0000024850cdc500;
 .timescale 0 0;
    .port_info 0 /INPUT 1 "a";
    .port_info 1 /INPUT 1 "b";
    .port_info 2 /INPUT 1 "c_in";
    .port_info 3 /OUTPUT 1 "f";
    .port_info 4 /OUTPUT 1 "c_out";
L_0000024850e1a920 .functor AND 1, L_0000024850dcc0f0, L_0000024850dcbfb0, C4<1>, C4<1>;
L_0000024850e1a6f0 .functor AND 1, L_0000024850dcb970, L_0000024850dcbfb0, C4<1>, C4<1>;
L_0000024850e1aca0 .functor AND 1, L_0000024850dcc0f0, L_0000024850dcb970, C4<1>, C4<1>;
L_0000024850e198f0 .functor XOR 1, L_0000024850dcc0f0, L_0000024850dcb970, C4<0>, C4<0>;
L_0000024850e1aa00 .functor XOR 1, L_0000024850e198f0, L_0000024850dcbfb0, C4<0>, C4<0>;
v0000024850dbe4d0_0 .net *"_ivl_0", 0 0, L_0000024850e1a920;  1 drivers
v0000024850dbde90_0 .net *"_ivl_10", 0 0, L_0000024850e198f0;  1 drivers
v0000024850dbf510_0 .net *"_ivl_2", 0 0, L_0000024850e1a6f0;  1 drivers
v0000024850dbdcb0_0 .net *"_ivl_4", 0 0, L_0000024850dcc690;  1 drivers
v0000024850dbeb10_0 .net *"_ivl_6", 0 0, L_0000024850e1aca0;  1 drivers
v0000024850dbf6f0_0 .net "a", 0 0, L_0000024850dcc0f0;  1 drivers
v0000024850dbf650_0 .net "b", 0 0, L_0000024850dcb970;  1 drivers
v0000024850dbf790_0 .net "c_in", 0 0, L_0000024850dcbfb0;  1 drivers
v0000024850dbec50_0 .net "c_out", 0 0, L_0000024850dcba10;  1 drivers
v0000024850dbfab0_0 .net "f", 0 0, L_0000024850e1aa00;  1 drivers
L_0000024850dcc690 .arith/sum 1, L_0000024850e1a920, L_0000024850e1a6f0;
L_0000024850dcba10 .arith/sum 1, L_0000024850dcc690, L_0000024850e1aca0;
S_0000024850cdc370 .scope module, "b4" "oneBitFull" 2 26, 2 3 0, S_0000024850cdc500;
 .timescale 0 0;
    .port_info 0 /INPUT 1 "a";
    .port_info 1 /INPUT 1 "b";
    .port_info 2 /INPUT 1 "c_in";
    .port_info 3 /OUTPUT 1 "f";
    .port_info 4 /OUTPUT 1 "c_out";
L_0000024850e1af40 .functor AND 1, L_0000024850dcb3d0, L_0000024850dcbb50, C4<1>, C4<1>;
L_0000024850e1a8b0 .functor AND 1, L_0000024850dcbbf0, L_0000024850dcbb50, C4<1>, C4<1>;
L_0000024850e1a7d0 .functor AND 1, L_0000024850dcb3d0, L_0000024850dcbbf0, C4<1>, C4<1>;
L_0000024850e1ad10 .functor XOR 1, L_0000024850dcb3d0, L_0000024850dcbbf0, C4<0>, C4<0>;
L_0000024850e19650 .functor XOR 1, L_0000024850e1ad10, L_0000024850dcbb50, C4<0>, C4<0>;
v0000024850dbe750_0 .net *"_ivl_0", 0 0, L_0000024850e1af40;  1 drivers
v0000024850dbd490_0 .net *"_ivl_10", 0 0, L_0000024850e1ad10;  1 drivers
v0000024850dbd530_0 .net *"_ivl_2", 0 0, L_0000024850e1a8b0;  1 drivers
v0000024850dbdfd0_0 .net *"_ivl_4", 0 0, L_0000024850dcc050;  1 drivers
v0000024850dbd670_0 .net *"_ivl_6", 0 0, L_0000024850e1a7d0;  1 drivers
v0000024850dbd710_0 .net "a", 0 0, L_0000024850dcb3d0;  1 drivers
v0000024850dbd990_0 .net "b", 0 0, L_0000024850dcbbf0;  1 drivers
v0000024850dbdad0_0 .net "c_in", 0 0, L_0000024850dcbb50;  1 drivers
v0000024850dbdb70_0 .net "c_out", 0 0, L_0000024850dcbf10;  1 drivers
v0000024850dbdc10_0 .net "f", 0 0, L_0000024850e19650;  1 drivers
L_0000024850dcc050 .arith/sum 1, L_0000024850e1af40, L_0000024850e1a8b0;
L_0000024850dcbf10 .arith/sum 1, L_0000024850dcc050, L_0000024850e1a7d0;
S_0000024850cdb6f0 .scope module, "b5" "oneBitFull" 2 25, 2 3 0, S_0000024850cdc500;
 .timescale 0 0;
    .port_info 0 /INPUT 1 "a";
    .port_info 1 /INPUT 1 "b";
    .port_info 2 /INPUT 1 "c_in";
    .port_info 3 /OUTPUT 1 "f";
    .port_info 4 /OUTPUT 1 "c_out";
L_0000024850e1ad80 .functor AND 1, L_0000024850dca6b0, L_0000024850dcca50, C4<1>, C4<1>;
L_0000024850e1a3e0 .functor AND 1, L_0000024850dcbab0, L_0000024850dcca50, C4<1>, C4<1>;
L_0000024850e19b20 .functor AND 1, L_0000024850dca6b0, L_0000024850dcbab0, C4<1>, C4<1>;
L_0000024850e1a140 .functor XOR 1, L_0000024850dca6b0, L_0000024850dcbab0, C4<0>, C4<0>;
L_0000024850e1a450 .functor XOR 1, L_0000024850e1a140, L_0000024850dcca50, C4<0>, C4<0>;
v0000024850dbdd50_0 .net *"_ivl_0", 0 0, L_0000024850e1ad80;  1 drivers
v0000024850dbddf0_0 .net *"_ivl_10", 0 0, L_0000024850e1a140;  1 drivers
v0000024850dbef70_0 .net *"_ivl_2", 0 0, L_0000024850e1a3e0;  1 drivers
v0000024850dbf290_0 .net *"_ivl_4", 0 0, L_0000024850dcc550;  1 drivers
v0000024850dbdf30_0 .net *"_ivl_6", 0 0, L_0000024850e19b20;  1 drivers
v0000024850dbe070_0 .net "a", 0 0, L_0000024850dca6b0;  1 drivers
v0000024850dbe2f0_0 .net "b", 0 0, L_0000024850dcbab0;  1 drivers
v0000024850dbe390_0 .net "c_in", 0 0, L_0000024850dcca50;  1 drivers
v0000024850dbe7f0_0 .net "c_out", 0 0, L_0000024850dcab10;  1 drivers
v0000024850dbe890_0 .net "f", 0 0, L_0000024850e1a450;  1 drivers
L_0000024850dcc550 .arith/sum 1, L_0000024850e1ad80, L_0000024850e1a3e0;
L_0000024850dcab10 .arith/sum 1, L_0000024850dcc550, L_0000024850e19b20;
S_0000024850cdde70 .scope module, "b6" "oneBitFull" 2 24, 2 3 0, S_0000024850cdc500;
 .timescale 0 0;
    .port_info 0 /INPUT 1 "a";
    .port_info 1 /INPUT 1 "b";
    .port_info 2 /INPUT 1 "c_in";
    .port_info 3 /OUTPUT 1 "f";
    .port_info 4 /OUTPUT 1 "c_out";
L_0000024850e18720 .functor AND 1, L_0000024850dcb330, L_0000024850dca4d0, C4<1>, C4<1>;
L_0000024850e18800 .functor AND 1, L_0000024850dcbe70, L_0000024850dca4d0, C4<1>, C4<1>;
L_0000024850e1ac30 .functor AND 1, L_0000024850dcb330, L_0000024850dcbe70, C4<1>, C4<1>;
L_0000024850e1a370 .functor XOR 1, L_0000024850dcb330, L_0000024850dcbe70, C4<0>, C4<0>;
L_0000024850e1a840 .functor XOR 1, L_0000024850e1a370, L_0000024850dca4d0, C4<0>, C4<0>;
v0000024850dbfc90_0 .net *"_ivl_0", 0 0, L_0000024850e18720;  1 drivers
v0000024850dc0cd0_0 .net *"_ivl_10", 0 0, L_0000024850e1a370;  1 drivers
v0000024850dc0a50_0 .net *"_ivl_2", 0 0, L_0000024850e18800;  1 drivers
v0000024850dc1090_0 .net *"_ivl_4", 0 0, L_0000024850dcaed0;  1 drivers
v0000024850dc0d70_0 .net *"_ivl_6", 0 0, L_0000024850e1ac30;  1 drivers
v0000024850dc0c30_0 .net "a", 0 0, L_0000024850dcb330;  1 drivers
v0000024850dc1130_0 .net "b", 0 0, L_0000024850dcbe70;  1 drivers
v0000024850dc0ff0_0 .net "c_in", 0 0, L_0000024850dca4d0;  1 drivers
v0000024850dc0690_0 .net "c_out", 0 0, L_0000024850dcac50;  1 drivers
v0000024850dbfd30_0 .net "f", 0 0, L_0000024850e1a840;  1 drivers
L_0000024850dcaed0 .arith/sum 1, L_0000024850e18720, L_0000024850e18800;
L_0000024850dcac50 .arith/sum 1, L_0000024850dcaed0, L_0000024850e1ac30;
S_0000024850cde190 .scope module, "b7" "oneBitFull" 2 23, 2 3 0, S_0000024850cdc500;
 .timescale 0 0;
    .port_info 0 /INPUT 1 "a";
    .port_info 1 /INPUT 1 "b";
    .port_info 2 /INPUT 1 "c_in";
    .port_info 3 /OUTPUT 1 "f";
    .port_info 4 /OUTPUT 1 "c_out";
L_0000024850e19280 .functor AND 1, L_0000024850dcb650, L_0000024850dcc7d0, C4<1>, C4<1>;
L_0000024850e18640 .functor AND 1, L_0000024850dcc870, L_0000024850dcc7d0, C4<1>, C4<1>;
L_0000024850e192f0 .functor AND 1, L_0000024850dcb650, L_0000024850dcc870, C4<1>, C4<1>;
L_0000024850e188e0 .functor XOR 1, L_0000024850dcb650, L_0000024850dcc870, C4<0>, C4<0>;
L_0000024850e19360 .functor XOR 1, L_0000024850e188e0, L_0000024850dcc7d0, C4<0>, C4<0>;
v0000024850dbfdd0_0 .net *"_ivl_0", 0 0, L_0000024850e19280;  1 drivers
v0000024850dc0af0_0 .net *"_ivl_10", 0 0, L_0000024850e188e0;  1 drivers
v0000024850dbffb0_0 .net *"_ivl_2", 0 0, L_0000024850e18640;  1 drivers
v0000024850dbff10_0 .net *"_ivl_4", 0 0, L_0000024850dcc5f0;  1 drivers
v0000024850dc0370_0 .net *"_ivl_6", 0 0, L_0000024850e192f0;  1 drivers
v0000024850dc0e10_0 .net "a", 0 0, L_0000024850dcb650;  1 drivers
v0000024850dc11d0_0 .net "b", 0 0, L_0000024850dcc870;  1 drivers
v0000024850dc0230_0 .net "c_in", 0 0, L_0000024850dcc7d0;  1 drivers
v0000024850dc0b90_0 .net "c_out", 0 0, L_0000024850dcc410;  1 drivers
v0000024850dc09b0_0 .net "f", 0 0, L_0000024850e19360;  1 drivers
L_0000024850dcc5f0 .arith/sum 1, L_0000024850e19280, L_0000024850e18640;
L_0000024850dcc410 .arith/sum 1, L_0000024850dcc5f0, L_0000024850e192f0;
S_0000024850cdd9c0 .scope module, "b8" "oneBitFull" 2 22, 2 3 0, S_0000024850cdc500;
 .timescale 0 0;
    .port_info 0 /INPUT 1 "a";
    .port_info 1 /INPUT 1 "b";
    .port_info 2 /INPUT 1 "c_in";
    .port_info 3 /OUTPUT 1 "f";
    .port_info 4 /OUTPUT 1 "c_out";
L_0000024850dd0528 .functor BUFT 1, C4<1>, C4<0>, C4<0>, C4<0>;
L_0000024850e18b10 .functor AND 1, L_0000024850dcae30, L_0000024850dd0528, C4<1>, C4<1>;
L_0000024850e18f00 .functor AND 1, L_0000024850dcc4b0, L_0000024850dd0528, C4<1>, C4<1>;
L_0000024850e186b0 .functor AND 1, L_0000024850dcae30, L_0000024850dcc4b0, C4<1>, C4<1>;
L_0000024850e19050 .functor XOR 1, L_0000024850dcae30, L_0000024850dcc4b0, C4<0>, C4<0>;
L_0000024850e18c60 .functor XOR 1, L_0000024850e19050, L_0000024850dd0528, C4<0>, C4<0>;
v0000024850dc0eb0_0 .net *"_ivl_0", 0 0, L_0000024850e18b10;  1 drivers
v0000024850dc0730_0 .net *"_ivl_10", 0 0, L_0000024850e19050;  1 drivers
v0000024850dc07d0_0 .net *"_ivl_2", 0 0, L_0000024850e18f00;  1 drivers
v0000024850dc0410_0 .net *"_ivl_4", 0 0, L_0000024850dcad90;  1 drivers
v0000024850dc1270_0 .net *"_ivl_6", 0 0, L_0000024850e186b0;  1 drivers
v0000024850dc0050_0 .net "a", 0 0, L_0000024850dcae30;  1 drivers
v0000024850dc0f50_0 .net "b", 0 0, L_0000024850dcc4b0;  1 drivers
v0000024850dc1310_0 .net "c_in", 0 0, L_0000024850dd0528;  1 drivers
v0000024850dc05f0_0 .net "c_out", 0 0, L_0000024850dccc30;  1 drivers
v0000024850dc0870_0 .net "f", 0 0, L_0000024850e18c60;  1 drivers
L_0000024850dcad90 .arith/sum 1, L_0000024850e18b10, L_0000024850e18f00;
L_0000024850dccc30 .arith/sum 1, L_0000024850dcad90, L_0000024850e186b0;
S_0000024850cde4b0 .scope module, "numberTable" "lookupTable" 3 24, 4 3 0, S_0000024850c33560;
 .timescale 0 0;
    .port_info 0 /INPUT 6 "in";
    .port_info 1 /OUTPUT 6 "out";
v0000024850dc0910_0 .net "in", 5 0, L_0000024850dca570;  1 drivers
v0000024850dc0550_0 .var "out", 5 0;
E_0000024850cc3ae0 .event anyedge, v0000024850dc0910_0;
S_0000024850cddce0 .scope module, "symbolTable" "symbolLookupTable" 3 22, 4 44 0, S_0000024850c33560;
 .timescale 0 0;
    .port_info 0 /INPUT 6 "in";
    .port_info 1 /OUTPUT 6 "out";
v0000024850dc4530_0 .net "in", 5 0, L_0000024850dcbdd0;  1 drivers
v0000024850dc4350_0 .var "out", 5 0;
E_0000024850cc3b60 .event anyedge, v0000024850dc4530_0;
S_0000024850cdc700 .scope module, "upperTable" "lookupTable" 3 28, 4 3 0, S_0000024850c33560;
 .timescale 0 0;
    .port_info 0 /INPUT 6 "in";
    .port_info 1 /OUTPUT 6 "out";
v0000024850dc3a90_0 .net "in", 5 0, L_0000024850e1e890;  1 drivers
v0000024850dc45d0_0 .var "out", 5 0;
E_0000024850cc3ba0 .event anyedge, v0000024850dc3a90_0;
S_0000024850cde000 .scope module, "uppercase" "eightBitSub" 3 27, 2 13 0, S_0000024850c33560;
 .timescale 0 0;
    .port_info 0 /INPUT 7 "a";
    .port_info 1 /INPUT 8 "s";
    .port_info 2 /OUTPUT 8 "f";
L_0000024850dd0768 .functor BUFT 1, C4<01000001>, C4<0>, C4<0>, C4<0>;
L_0000024850e1b410 .functor NOT 8, L_0000024850dd0768, C4<00000000>, C4<00000000>, C4<00000000>;
v0000024850dc56b0_0 .net "a", 6 0, o0000024850d72fc8;  alias, 0 drivers
v0000024850dc5250_0 .net "c", 7 0, L_0000024850e1e070;  1 drivers
v0000024850dc52f0_0 .net "f", 7 0, L_0000024850e1dfd0;  alias, 1 drivers
v0000024850dc5390_0 .net "s", 7 0, L_0000024850dd0768;  1 drivers
v0000024850dc5430_0 .net "si", 7 0, L_0000024850e1b410;  1 drivers
L_0000024850e1ef70 .part o0000024850d72fc8, 0, 1;
L_0000024850e1ed90 .part L_0000024850e1b410, 0, 1;
L_0000024850e1d7b0 .part o0000024850d72fc8, 1, 1;
L_0000024850e1ea70 .part L_0000024850e1b410, 1, 1;
L_0000024850e1f6f0 .part L_0000024850e1e070, 0, 1;
L_0000024850e1f330 .part o0000024850d72fc8, 2, 1;
L_0000024850e1d850 .part L_0000024850e1b410, 2, 1;
L_0000024850e1f790 .part L_0000024850e1e070, 1, 1;
L_0000024850e1e4d0 .part o0000024850d72fc8, 3, 1;
L_0000024850e1f3d0 .part L_0000024850e1b410, 3, 1;
L_0000024850e1ebb0 .part L_0000024850e1e070, 2, 1;
L_0000024850e1f470 .part o0000024850d72fc8, 4, 1;
L_0000024850e1f830 .part L_0000024850e1b410, 4, 1;
L_0000024850e1f8d0 .part L_0000024850e1e070, 3, 1;
L_0000024850e1d990 .part o0000024850d72fc8, 5, 1;
L_0000024850e1fa10 .part L_0000024850e1b410, 5, 1;
L_0000024850e1e750 .part L_0000024850e1e070, 4, 1;
L_0000024850e1e570 .part o0000024850d72fc8, 6, 1;
L_0000024850e1e7f0 .part L_0000024850e1b410, 6, 1;
L_0000024850e1d530 .part L_0000024850e1e070, 5, 1;
L_0000024850e1df30 .part L_0000024850e1b410, 7, 1;
L_0000024850e1db70 .part L_0000024850e1e070, 6, 1;
LS_0000024850e1dfd0_0_0 .concat8 [ 1 1 1 1], L_0000024850e230d0, L_0000024850e219a0, L_0000024850e22730, L_0000024850e22030;
LS_0000024850e1dfd0_0_4 .concat8 [ 1 1 1 1], L_0000024850e21ee0, L_0000024850e22a40, L_0000024850e22d50, L_0000024850e22e30;
L_0000024850e1dfd0 .concat8 [ 4 4 0 0], LS_0000024850e1dfd0_0_0, LS_0000024850e1dfd0_0_4;
LS_0000024850e1e070_0_0 .concat8 [ 1 1 1 1], L_0000024850e1ee30, L_0000024850e1ddf0, L_0000024850e1e390, L_0000024850e1e430;
LS_0000024850e1e070_0_4 .concat8 [ 1 1 1 1], L_0000024850e1fbf0, L_0000024850e1d8f0, L_0000024850e1fc90, L_0000024850e1da30;
L_0000024850e1e070 .concat8 [ 4 4 0 0], LS_0000024850e1e070_0_0, LS_0000024850e1e070_0_4;
S_0000024850cdc890 .scope module, "b1" "oneBitFull" 2 29, 2 3 0, S_0000024850cde000;
 .timescale 0 0;
    .port_info 0 /INPUT 1 "a";
    .port_info 1 /INPUT 1 "b";
    .port_info 2 /INPUT 1 "c_in";
    .port_info 3 /OUTPUT 1 "f";
    .port_info 4 /OUTPUT 1 "c_out";
L_0000024850dd0720 .functor BUFT 1, C4<0>, C4<0>, C4<0>, C4<0>;
L_0000024850e227a0 .functor AND 1, L_0000024850dd0720, L_0000024850e1db70, C4<1>, C4<1>;
L_0000024850e225e0 .functor AND 1, L_0000024850e1df30, L_0000024850e1db70, C4<1>, C4<1>;
L_0000024850e22500 .functor AND 1, L_0000024850dd0720, L_0000024850e1df30, C4<1>, C4<1>;
L_0000024850e220a0 .functor XOR 1, L_0000024850dd0720, L_0000024850e1df30, C4<0>, C4<0>;
L_0000024850e22e30 .functor XOR 1, L_0000024850e220a0, L_0000024850e1db70, C4<0>, C4<0>;
v0000024850dc34f0_0 .net *"_ivl_0", 0 0, L_0000024850e227a0;  1 drivers
v0000024850dc3b30_0 .net *"_ivl_10", 0 0, L_0000024850e220a0;  1 drivers
v0000024850dc4170_0 .net *"_ivl_2", 0 0, L_0000024850e225e0;  1 drivers
v0000024850dc47b0_0 .net *"_ivl_4", 0 0, L_0000024850e1dd50;  1 drivers
v0000024850dc3450_0 .net *"_ivl_6", 0 0, L_0000024850e22500;  1 drivers
v0000024850dc3630_0 .net "a", 0 0, L_0000024850dd0720;  1 drivers
v0000024850dc4210_0 .net "b", 0 0, L_0000024850e1df30;  1 drivers
v0000024850dc2d70_0 .net "c_in", 0 0, L_0000024850e1db70;  1 drivers
v0000024850dc4850_0 .net "c_out", 0 0, L_0000024850e1da30;  1 drivers
v0000024850dc48f0_0 .net "f", 0 0, L_0000024850e22e30;  1 drivers
L_0000024850e1dd50 .arith/sum 1, L_0000024850e227a0, L_0000024850e225e0;
L_0000024850e1da30 .arith/sum 1, L_0000024850e1dd50, L_0000024850e22500;
S_0000024850cde320 .scope module, "b2" "oneBitFull" 2 28, 2 3 0, S_0000024850cde000;
 .timescale 0 0;
    .port_info 0 /INPUT 1 "a";
    .port_info 1 /INPUT 1 "b";
    .port_info 2 /INPUT 1 "c_in";
    .port_info 3 /OUTPUT 1 "f";
    .port_info 4 /OUTPUT 1 "c_out";
L_0000024850e21a10 .functor AND 1, L_0000024850e1e570, L_0000024850e1d530, C4<1>, C4<1>;
L_0000024850e22490 .functor AND 1, L_0000024850e1e7f0, L_0000024850e1d530, C4<1>, C4<1>;
L_0000024850e22ea0 .functor AND 1, L_0000024850e1e570, L_0000024850e1e7f0, C4<1>, C4<1>;
L_0000024850e21a80 .functor XOR 1, L_0000024850e1e570, L_0000024850e1e7f0, C4<0>, C4<0>;
L_0000024850e22d50 .functor XOR 1, L_0000024850e21a80, L_0000024850e1d530, C4<0>, C4<0>;
v0000024850dc3590_0 .net *"_ivl_0", 0 0, L_0000024850e21a10;  1 drivers
v0000024850dc29b0_0 .net *"_ivl_10", 0 0, L_0000024850e21a80;  1 drivers
v0000024850dc2af0_0 .net *"_ivl_2", 0 0, L_0000024850e22490;  1 drivers
v0000024850dc4490_0 .net *"_ivl_4", 0 0, L_0000024850e1fb50;  1 drivers
v0000024850dc3770_0 .net *"_ivl_6", 0 0, L_0000024850e22ea0;  1 drivers
v0000024850dc2690_0 .net "a", 0 0, L_0000024850e1e570;  1 drivers
v0000024850dc2b90_0 .net "b", 0 0, L_0000024850e1e7f0;  1 drivers
v0000024850dc3f90_0 .net "c_in", 0 0, L_0000024850e1d530;  1 drivers
v0000024850dc4670_0 .net "c_out", 0 0, L_0000024850e1fc90;  1 drivers
v0000024850dc4030_0 .net "f", 0 0, L_0000024850e22d50;  1 drivers
L_0000024850e1fb50 .arith/sum 1, L_0000024850e21a10, L_0000024850e22490;
L_0000024850e1fc90 .arith/sum 1, L_0000024850e1fb50, L_0000024850e22ea0;
S_0000024850cdca20 .scope module, "b3" "oneBitFull" 2 27, 2 3 0, S_0000024850cde000;
 .timescale 0 0;
    .port_info 0 /INPUT 1 "a";
    .port_info 1 /INPUT 1 "b";
    .port_info 2 /INPUT 1 "c_in";
    .port_info 3 /OUTPUT 1 "f";
    .port_info 4 /OUTPUT 1 "c_out";
L_0000024850e21f50 .functor AND 1, L_0000024850e1d990, L_0000024850e1e750, C4<1>, C4<1>;
L_0000024850e22ce0 .functor AND 1, L_0000024850e1fa10, L_0000024850e1e750, C4<1>, C4<1>;
L_0000024850e21930 .functor AND 1, L_0000024850e1d990, L_0000024850e1fa10, C4<1>, C4<1>;
L_0000024850e22960 .functor XOR 1, L_0000024850e1d990, L_0000024850e1fa10, C4<0>, C4<0>;
L_0000024850e22a40 .functor XOR 1, L_0000024850e22960, L_0000024850e1e750, C4<0>, C4<0>;
v0000024850dc2cd0_0 .net *"_ivl_0", 0 0, L_0000024850e21f50;  1 drivers
v0000024850dc4710_0 .net *"_ivl_10", 0 0, L_0000024850e22960;  1 drivers
v0000024850dc36d0_0 .net *"_ivl_2", 0 0, L_0000024850e22ce0;  1 drivers
v0000024850dc4990_0 .net *"_ivl_4", 0 0, L_0000024850e1f970;  1 drivers
v0000024850dc2e10_0 .net *"_ivl_6", 0 0, L_0000024850e21930;  1 drivers
v0000024850dc4a30_0 .net "a", 0 0, L_0000024850e1d990;  1 drivers
v0000024850dc2c30_0 .net "b", 0 0, L_0000024850e1fa10;  1 drivers
v0000024850dc4b70_0 .net "c_in", 0 0, L_0000024850e1e750;  1 drivers
v0000024850dc2eb0_0 .net "c_out", 0 0, L_0000024850e1d8f0;  1 drivers
v0000024850dc2ff0_0 .net "f", 0 0, L_0000024850e22a40;  1 drivers
L_0000024850e1f970 .arith/sum 1, L_0000024850e21f50, L_0000024850e22ce0;
L_0000024850e1d8f0 .arith/sum 1, L_0000024850e1f970, L_0000024850e21930;
S_0000024850cdcbb0 .scope module, "b4" "oneBitFull" 2 26, 2 3 0, S_0000024850cde000;
 .timescale 0 0;
    .port_info 0 /INPUT 1 "a";
    .port_info 1 /INPUT 1 "b";
    .port_info 2 /INPUT 1 "c_in";
    .port_info 3 /OUTPUT 1 "f";
    .port_info 4 /OUTPUT 1 "c_out";
L_0000024850e22880 .functor AND 1, L_0000024850e1f470, L_0000024850e1f8d0, C4<1>, C4<1>;
L_0000024850e22340 .functor AND 1, L_0000024850e1f830, L_0000024850e1f8d0, C4<1>, C4<1>;
L_0000024850e23060 .functor AND 1, L_0000024850e1f470, L_0000024850e1f830, C4<1>, C4<1>;
L_0000024850e22dc0 .functor XOR 1, L_0000024850e1f470, L_0000024850e1f830, C4<0>, C4<0>;
L_0000024850e21ee0 .functor XOR 1, L_0000024850e22dc0, L_0000024850e1f8d0, C4<0>, C4<0>;
v0000024850dc4c10_0 .net *"_ivl_0", 0 0, L_0000024850e22880;  1 drivers
v0000024850dc4ad0_0 .net *"_ivl_10", 0 0, L_0000024850e22dc0;  1 drivers
v0000024850dc3bd0_0 .net *"_ivl_2", 0 0, L_0000024850e22340;  1 drivers
v0000024850dc2f50_0 .net *"_ivl_4", 0 0, L_0000024850e1de90;  1 drivers
v0000024850dc3810_0 .net *"_ivl_6", 0 0, L_0000024850e23060;  1 drivers
v0000024850dc3e50_0 .net "a", 0 0, L_0000024850e1f470;  1 drivers
v0000024850dc3950_0 .net "b", 0 0, L_0000024850e1f830;  1 drivers
v0000024850dc3c70_0 .net "c_in", 0 0, L_0000024850e1f8d0;  1 drivers
v0000024850dc40d0_0 .net "c_out", 0 0, L_0000024850e1fbf0;  1 drivers
v0000024850dc24b0_0 .net "f", 0 0, L_0000024850e21ee0;  1 drivers
L_0000024850e1de90 .arith/sum 1, L_0000024850e22880, L_0000024850e22340;
L_0000024850e1fbf0 .arith/sum 1, L_0000024850e1de90, L_0000024850e23060;
S_0000024850cddb50 .scope module, "b5" "oneBitFull" 2 25, 2 3 0, S_0000024850cde000;
 .timescale 0 0;
    .port_info 0 /INPUT 1 "a";
    .port_info 1 /INPUT 1 "b";
    .port_info 2 /INPUT 1 "c_in";
    .port_info 3 /OUTPUT 1 "f";
    .port_info 4 /OUTPUT 1 "c_out";
L_0000024850e21cb0 .functor AND 1, L_0000024850e1e4d0, L_0000024850e1ebb0, C4<1>, C4<1>;
L_0000024850e233e0 .functor AND 1, L_0000024850e1f3d0, L_0000024850e1ebb0, C4<1>, C4<1>;
L_0000024850e226c0 .functor AND 1, L_0000024850e1e4d0, L_0000024850e1f3d0, C4<1>, C4<1>;
L_0000024850e21850 .functor XOR 1, L_0000024850e1e4d0, L_0000024850e1f3d0, C4<0>, C4<0>;
L_0000024850e22030 .functor XOR 1, L_0000024850e21850, L_0000024850e1ebb0, C4<0>, C4<0>;
v0000024850dc3130_0 .net *"_ivl_0", 0 0, L_0000024850e21cb0;  1 drivers
v0000024850dc2550_0 .net *"_ivl_10", 0 0, L_0000024850e21850;  1 drivers
v0000024850dc33b0_0 .net *"_ivl_2", 0 0, L_0000024850e233e0;  1 drivers
v0000024850dc25f0_0 .net *"_ivl_4", 0 0, L_0000024850e1e6b0;  1 drivers
v0000024850dc3090_0 .net *"_ivl_6", 0 0, L_0000024850e226c0;  1 drivers
v0000024850dc42b0_0 .net "a", 0 0, L_0000024850e1e4d0;  1 drivers
v0000024850dc31d0_0 .net "b", 0 0, L_0000024850e1f3d0;  1 drivers
v0000024850dc3270_0 .net "c_in", 0 0, L_0000024850e1ebb0;  1 drivers
v0000024850dc3310_0 .net "c_out", 0 0, L_0000024850e1e430;  1 drivers
v0000024850dc2730_0 .net "f", 0 0, L_0000024850e22030;  1 drivers
L_0000024850e1e6b0 .arith/sum 1, L_0000024850e21cb0, L_0000024850e233e0;
L_0000024850e1e430 .arith/sum 1, L_0000024850e1e6b0, L_0000024850e226c0;
S_0000024850cdcd40 .scope module, "b6" "oneBitFull" 2 24, 2 3 0, S_0000024850cde000;
 .timescale 0 0;
    .port_info 0 /INPUT 1 "a";
    .port_info 1 /INPUT 1 "b";
    .port_info 2 /INPUT 1 "c_in";
    .port_info 3 /OUTPUT 1 "f";
    .port_info 4 /OUTPUT 1 "c_out";
L_0000024850e21bd0 .functor AND 1, L_0000024850e1f330, L_0000024850e1f790, C4<1>, C4<1>;
L_0000024850e23140 .functor AND 1, L_0000024850e1d850, L_0000024850e1f790, C4<1>, C4<1>;
L_0000024850e22c70 .functor AND 1, L_0000024850e1f330, L_0000024850e1d850, C4<1>, C4<1>;
L_0000024850e23370 .functor XOR 1, L_0000024850e1f330, L_0000024850e1d850, C4<0>, C4<0>;
L_0000024850e22730 .functor XOR 1, L_0000024850e23370, L_0000024850e1f790, C4<0>, C4<0>;
v0000024850dc38b0_0 .net *"_ivl_0", 0 0, L_0000024850e21bd0;  1 drivers
v0000024850dc39f0_0 .net *"_ivl_10", 0 0, L_0000024850e23370;  1 drivers
v0000024850dc2a50_0 .net *"_ivl_2", 0 0, L_0000024850e23140;  1 drivers
v0000024850dc27d0_0 .net *"_ivl_4", 0 0, L_0000024850e1dcb0;  1 drivers
v0000024850dc3d10_0 .net *"_ivl_6", 0 0, L_0000024850e22c70;  1 drivers
v0000024850dc43f0_0 .net "a", 0 0, L_0000024850e1f330;  1 drivers
v0000024850dc3db0_0 .net "b", 0 0, L_0000024850e1d850;  1 drivers
v0000024850dc2870_0 .net "c_in", 0 0, L_0000024850e1f790;  1 drivers
v0000024850dc3ef0_0 .net "c_out", 0 0, L_0000024850e1e390;  1 drivers
v0000024850dc2910_0 .net "f", 0 0, L_0000024850e22730;  1 drivers
L_0000024850e1dcb0 .arith/sum 1, L_0000024850e21bd0, L_0000024850e23140;
L_0000024850e1e390 .arith/sum 1, L_0000024850e1dcb0, L_0000024850e22c70;
S_0000024850cdced0 .scope module, "b7" "oneBitFull" 2 23, 2 3 0, S_0000024850cde000;
 .timescale 0 0;
    .port_info 0 /INPUT 1 "a";
    .port_info 1 /INPUT 1 "b";
    .port_info 2 /INPUT 1 "c_in";
    .port_info 3 /OUTPUT 1 "f";
    .port_info 4 /OUTPUT 1 "c_out";
L_0000024850e22b90 .functor AND 1, L_0000024850e1d7b0, L_0000024850e1f6f0, C4<1>, C4<1>;
L_0000024850e22c00 .functor AND 1, L_0000024850e1ea70, L_0000024850e1f6f0, C4<1>, C4<1>;
L_0000024850e21c40 .functor AND 1, L_0000024850e1d7b0, L_0000024850e1ea70, C4<1>, C4<1>;
L_0000024850e22570 .functor XOR 1, L_0000024850e1d7b0, L_0000024850e1ea70, C4<0>, C4<0>;
L_0000024850e219a0 .functor XOR 1, L_0000024850e22570, L_0000024850e1f6f0, C4<0>, C4<0>;
v0000024850dc6150_0 .net *"_ivl_0", 0 0, L_0000024850e22b90;  1 drivers
v0000024850dc54d0_0 .net *"_ivl_10", 0 0, L_0000024850e22570;  1 drivers
v0000024850dc4cb0_0 .net *"_ivl_2", 0 0, L_0000024850e22c00;  1 drivers
v0000024850dc6010_0 .net *"_ivl_4", 0 0, L_0000024850e1f0b0;  1 drivers
v0000024850dc5bb0_0 .net *"_ivl_6", 0 0, L_0000024850e21c40;  1 drivers
v0000024850dc51b0_0 .net "a", 0 0, L_0000024850e1d7b0;  1 drivers
v0000024850dc4d50_0 .net "b", 0 0, L_0000024850e1ea70;  1 drivers
v0000024850dc5e30_0 .net "c_in", 0 0, L_0000024850e1f6f0;  1 drivers
v0000024850dc61f0_0 .net "c_out", 0 0, L_0000024850e1ddf0;  1 drivers
v0000024850dc4df0_0 .net "f", 0 0, L_0000024850e219a0;  1 drivers
L_0000024850e1f0b0 .arith/sum 1, L_0000024850e22b90, L_0000024850e22c00;
L_0000024850e1ddf0 .arith/sum 1, L_0000024850e1f0b0, L_0000024850e21c40;
S_0000024850cdd060 .scope module, "b8" "oneBitFull" 2 22, 2 3 0, S_0000024850cde000;
 .timescale 0 0;
    .port_info 0 /INPUT 1 "a";
    .port_info 1 /INPUT 1 "b";
    .port_info 2 /INPUT 1 "c_in";
    .port_info 3 /OUTPUT 1 "f";
    .port_info 4 /OUTPUT 1 "c_out";
L_0000024850dd06d8 .functor BUFT 1, C4<1>, C4<0>, C4<0>, C4<0>;
L_0000024850e1b1e0 .functor AND 1, L_0000024850e1ef70, L_0000024850dd06d8, C4<1>, C4<1>;
L_0000024850e1b250 .functor AND 1, L_0000024850e1ed90, L_0000024850dd06d8, C4<1>, C4<1>;
L_0000024850e22b20 .functor AND 1, L_0000024850e1ef70, L_0000024850e1ed90, C4<1>, C4<1>;
L_0000024850e218c0 .functor XOR 1, L_0000024850e1ef70, L_0000024850e1ed90, C4<0>, C4<0>;
L_0000024850e230d0 .functor XOR 1, L_0000024850e218c0, L_0000024850dd06d8, C4<0>, C4<0>;
v0000024850dc5890_0 .net *"_ivl_0", 0 0, L_0000024850e1b1e0;  1 drivers
v0000024850dc4e90_0 .net *"_ivl_10", 0 0, L_0000024850e218c0;  1 drivers
v0000024850dc6290_0 .net *"_ivl_2", 0 0, L_0000024850e1b250;  1 drivers
v0000024850dc4fd0_0 .net *"_ivl_4", 0 0, L_0000024850e1e1b0;  1 drivers
v0000024850dc5c50_0 .net *"_ivl_6", 0 0, L_0000024850e22b20;  1 drivers
v0000024850dc60b0_0 .net "a", 0 0, L_0000024850e1ef70;  1 drivers
v0000024850dc4f30_0 .net "b", 0 0, L_0000024850e1ed90;  1 drivers
v0000024850dc5070_0 .net "c_in", 0 0, L_0000024850dd06d8;  1 drivers
v0000024850dc6330_0 .net "c_out", 0 0, L_0000024850e1ee30;  1 drivers
v0000024850dc5110_0 .net "f", 0 0, L_0000024850e230d0;  1 drivers
L_0000024850e1e1b0 .arith/sum 1, L_0000024850e1b1e0, L_0000024850e1b250;
L_0000024850e1ee30 .arith/sum 1, L_0000024850e1e1b0, L_0000024850e22b20;
    .scope S_0000024850c333d0;
T_0 ;
    %pushi/vec4 49, 0, 7;
    %store/vec4 v0000024850cd7bd0_0, 0, 7;
    %pushi/vec4 49, 0, 8;
    %store/vec4 v0000024850cd8cb0_0, 0, 8;
    %end;
    .thread T_0;
    .scope S_0000024850c333d0;
T_1 ;
    %vpi_call 2 62 "$monitor", "t=%3d a=%b b=%b o=%b", $time, v0000024850cd7bd0_0, v0000024850cd8cb0_0, v0000024850cd91b0_0 {0 0 0};
    %end;
    .thread T_1;
    .scope S_0000024850cddce0;
T_2 ;
    %wait E_0000024850cc3b60;
    %load/vec4 v0000024850dc4530_0;
    %dup/vec4;
    %pushi/vec4 46, 0, 6;
    %cmp/u;
    %jmp/1 T_2.0, 6;
    %dup/vec4;
    %pushi/vec4 44, 0, 6;
    %cmp/u;
    %jmp/1 T_2.1, 6;
    %dup/vec4;
    %pushi/vec4 33, 0, 6;
    %cmp/u;
    %jmp/1 T_2.2, 6;
    %dup/vec4;
    %pushi/vec4 63, 0, 6;
    %cmp/u;
    %jmp/1 T_2.3, 6;
    %dup/vec4;
    %pushi/vec4 59, 0, 6;
    %cmp/u;
    %jmp/1 T_2.4, 6;
    %dup/vec4;
    %pushi/vec4 58, 0, 6;
    %cmp/u;
    %jmp/1 T_2.5, 6;
    %pushi/vec4 0, 0, 6;
    %store/vec4 v0000024850dc4350_0, 0, 6;
    %jmp T_2.7;
T_2.0 ;
    %pushi/vec4 13, 0, 6;
    %store/vec4 v0000024850dc4350_0, 0, 6;
    %jmp T_2.7;
T_2.1 ;
    %pushi/vec4 8, 0, 6;
    %store/vec4 v0000024850dc4350_0, 0, 6;
    %jmp T_2.7;
T_2.2 ;
    %pushi/vec4 14, 0, 6;
    %store/vec4 v0000024850dc4350_0, 0, 6;
    %jmp T_2.7;
T_2.3 ;
    %pushi/vec4 11, 0, 6;
    %store/vec4 v0000024850dc4350_0, 0, 6;
    %jmp T_2.7;
T_2.4 ;
    %pushi/vec4 10, 0, 6;
    %store/vec4 v0000024850dc4350_0, 0, 6;
    %jmp T_2.7;
T_2.5 ;
    %pushi/vec4 12, 0, 6;
    %store/vec4 v0000024850dc4350_0, 0, 6;
    %jmp T_2.7;
T_2.7 ;
    %pop/vec4 1;
    %jmp T_2;
    .thread T_2, $push;
    .scope S_0000024850cde4b0;
T_3 ;
    %wait E_0000024850cc3ae0;
    %load/vec4 v0000024850dc0910_0;
    %dup/vec4;
    %pushi/vec4 0, 0, 6;
    %cmp/u;
    %jmp/1 T_3.0, 6;
    %dup/vec4;
    %pushi/vec4 1, 0, 6;
    %cmp/u;
    %jmp/1 T_3.1, 6;
    %dup/vec4;
    %pushi/vec4 2, 0, 6;
    %cmp/u;
    %jmp/1 T_3.2, 6;
    %dup/vec4;
    %pushi/vec4 3, 0, 6;
    %cmp/u;
    %jmp/1 T_3.3, 6;
    %dup/vec4;
    %pushi/vec4 4, 0, 6;
    %cmp/u;
    %jmp/1 T_3.4, 6;
    %dup/vec4;
    %pushi/vec4 5, 0, 6;
    %cmp/u;
    %jmp/1 T_3.5, 6;
    %dup/vec4;
    %pushi/vec4 6, 0, 6;
    %cmp/u;
    %jmp/1 T_3.6, 6;
    %dup/vec4;
    %pushi/vec4 7, 0, 6;
    %cmp/u;
    %jmp/1 T_3.7, 6;
    %dup/vec4;
    %pushi/vec4 8, 0, 6;
    %cmp/u;
    %jmp/1 T_3.8, 6;
    %dup/vec4;
    %pushi/vec4 9, 0, 6;
    %cmp/u;
    %jmp/1 T_3.9, 6;
    %dup/vec4;
    %pushi/vec4 10, 0, 6;
    %cmp/u;
    %jmp/1 T_3.10, 6;
    %dup/vec4;
    %pushi/vec4 11, 0, 6;
    %cmp/u;
    %jmp/1 T_3.11, 6;
    %dup/vec4;
    %pushi/vec4 12, 0, 6;
    %cmp/u;
    %jmp/1 T_3.12, 6;
    %dup/vec4;
    %pushi/vec4 13, 0, 6;
    %cmp/u;
    %jmp/1 T_3.13, 6;
    %dup/vec4;
    %pushi/vec4 14, 0, 6;
    %cmp/u;
    %jmp/1 T_3.14, 6;
    %dup/vec4;
    %pushi/vec4 15, 0, 6;
    %cmp/u;
    %jmp/1 T_3.15, 6;
    %dup/vec4;
    %pushi/vec4 16, 0, 6;
    %cmp/u;
    %jmp/1 T_3.16, 6;
    %dup/vec4;
    %pushi/vec4 17, 0, 6;
    %cmp/u;
    %jmp/1 T_3.17, 6;
    %dup/vec4;
    %pushi/vec4 18, 0, 6;
    %cmp/u;
    %jmp/1 T_3.18, 6;
    %dup/vec4;
    %pushi/vec4 19, 0, 6;
    %cmp/u;
    %jmp/1 T_3.19, 6;
    %dup/vec4;
    %pushi/vec4 20, 0, 6;
    %cmp/u;
    %jmp/1 T_3.20, 6;
    %dup/vec4;
    %pushi/vec4 21, 0, 6;
    %cmp/u;
    %jmp/1 T_3.21, 6;
    %dup/vec4;
    %pushi/vec4 22, 0, 6;
    %cmp/u;
    %jmp/1 T_3.22, 6;
    %dup/vec4;
    %pushi/vec4 23, 0, 6;
    %cmp/u;
    %jmp/1 T_3.23, 6;
    %dup/vec4;
    %pushi/vec4 24, 0, 6;
    %cmp/u;
    %jmp/1 T_3.24, 6;
    %dup/vec4;
    %pushi/vec4 25, 0, 6;
    %cmp/u;
    %jmp/1 T_3.25, 6;
    %pushi/vec4 0, 0, 6;
    %store/vec4 v0000024850dc0550_0, 0, 6;
    %jmp T_3.27;
T_3.0 ;
    %pushi/vec4 32, 0, 6;
    %store/vec4 v0000024850dc0550_0, 0, 6;
    %jmp T_3.27;
T_3.1 ;
    %pushi/vec4 40, 0, 6;
    %store/vec4 v0000024850dc0550_0, 0, 6;
    %jmp T_3.27;
T_3.2 ;
    %pushi/vec4 48, 0, 6;
    %store/vec4 v0000024850dc0550_0, 0, 6;
    %jmp T_3.27;
T_3.3 ;
    %pushi/vec4 52, 0, 6;
    %store/vec4 v0000024850dc0550_0, 0, 6;
    %jmp T_3.27;
T_3.4 ;
    %pushi/vec4 36, 0, 6;
    %store/vec4 v0000024850dc0550_0, 0, 6;
    %jmp T_3.27;
T_3.5 ;
    %pushi/vec4 56, 0, 6;
    %store/vec4 v0000024850dc0550_0, 0, 6;
    %jmp T_3.27;
T_3.6 ;
    %pushi/vec4 60, 0, 6;
    %store/vec4 v0000024850dc0550_0, 0, 6;
    %jmp T_3.27;
T_3.7 ;
    %pushi/vec4 44, 0, 6;
    %store/vec4 v0000024850dc0550_0, 0, 6;
    %jmp T_3.27;
T_3.8 ;
    %pushi/vec4 24, 0, 6;
    %store/vec4 v0000024850dc0550_0, 0, 6;
    %jmp T_3.27;
T_3.9 ;
    %pushi/vec4 28, 0, 6;
    %store/vec4 v0000024850dc0550_0, 0, 6;
    %jmp T_3.27;
T_3.10 ;
    %pushi/vec4 34, 0, 6;
    %store/vec4 v0000024850dc0550_0, 0, 6;
    %jmp T_3.27;
T_3.11 ;
    %pushi/vec4 42, 0, 6;
    %store/vec4 v0000024850dc0550_0, 0, 6;
    %jmp T_3.27;
T_3.12 ;
    %pushi/vec4 50, 0, 6;
    %store/vec4 v0000024850dc0550_0, 0, 6;
    %jmp T_3.27;
T_3.13 ;
    %pushi/vec4 54, 0, 6;
    %store/vec4 v0000024850dc0550_0, 0, 6;
    %jmp T_3.27;
T_3.14 ;
    %pushi/vec4 38, 0, 6;
    %store/vec4 v0000024850dc0550_0, 0, 6;
    %jmp T_3.27;
T_3.15 ;
    %pushi/vec4 58, 0, 6;
    %store/vec4 v0000024850dc0550_0, 0, 6;
    %jmp T_3.27;
T_3.16 ;
    %pushi/vec4 62, 0, 6;
    %store/vec4 v0000024850dc0550_0, 0, 6;
    %jmp T_3.27;
T_3.17 ;
    %pushi/vec4 46, 0, 6;
    %store/vec4 v0000024850dc0550_0, 0, 6;
    %jmp T_3.27;
T_3.18 ;
    %pushi/vec4 26, 0, 6;
    %store/vec4 v0000024850dc0550_0, 0, 6;
    %jmp T_3.27;
T_3.19 ;
    %pushi/vec4 30, 0, 6;
    %store/vec4 v0000024850dc0550_0, 0, 6;
    %jmp T_3.27;
T_3.20 ;
    %pushi/vec4 35, 0, 6;
    %store/vec4 v0000024850dc0550_0, 0, 6;
    %jmp T_3.27;
T_3.21 ;
    %pushi/vec4 43, 0, 6;
    %store/vec4 v0000024850dc0550_0, 0, 6;
    %jmp T_3.27;
T_3.22 ;
    %pushi/vec4 29, 0, 6;
    %store/vec4 v0000024850dc0550_0, 0, 6;
    %jmp T_3.27;
T_3.23 ;
    %pushi/vec4 51, 0, 6;
    %store/vec4 v0000024850dc0550_0, 0, 6;
    %jmp T_3.27;
T_3.24 ;
    %pushi/vec4 55, 0, 6;
    %store/vec4 v0000024850dc0550_0, 0, 6;
    %jmp T_3.27;
T_3.25 ;
    %pushi/vec4 39, 0, 6;
    %store/vec4 v0000024850dc0550_0, 0, 6;
    %jmp T_3.27;
T_3.27 ;
    %pop/vec4 1;
    %jmp T_3;
    .thread T_3, $push;
    .scope S_0000024850c35ae0;
T_4 ;
    %wait E_0000024850cc4620;
    %load/vec4 v0000024850cd9570_0;
    %dup/vec4;
    %pushi/vec4 0, 0, 6;
    %cmp/u;
    %jmp/1 T_4.0, 6;
    %dup/vec4;
    %pushi/vec4 1, 0, 6;
    %cmp/u;
    %jmp/1 T_4.1, 6;
    %dup/vec4;
    %pushi/vec4 2, 0, 6;
    %cmp/u;
    %jmp/1 T_4.2, 6;
    %dup/vec4;
    %pushi/vec4 3, 0, 6;
    %cmp/u;
    %jmp/1 T_4.3, 6;
    %dup/vec4;
    %pushi/vec4 4, 0, 6;
    %cmp/u;
    %jmp/1 T_4.4, 6;
    %dup/vec4;
    %pushi/vec4 5, 0, 6;
    %cmp/u;
    %jmp/1 T_4.5, 6;
    %dup/vec4;
    %pushi/vec4 6, 0, 6;
    %cmp/u;
    %jmp/1 T_4.6, 6;
    %dup/vec4;
    %pushi/vec4 7, 0, 6;
    %cmp/u;
    %jmp/1 T_4.7, 6;
    %dup/vec4;
    %pushi/vec4 8, 0, 6;
    %cmp/u;
    %jmp/1 T_4.8, 6;
    %dup/vec4;
    %pushi/vec4 9, 0, 6;
    %cmp/u;
    %jmp/1 T_4.9, 6;
    %dup/vec4;
    %pushi/vec4 10, 0, 6;
    %cmp/u;
    %jmp/1 T_4.10, 6;
    %dup/vec4;
    %pushi/vec4 11, 0, 6;
    %cmp/u;
    %jmp/1 T_4.11, 6;
    %dup/vec4;
    %pushi/vec4 12, 0, 6;
    %cmp/u;
    %jmp/1 T_4.12, 6;
    %dup/vec4;
    %pushi/vec4 13, 0, 6;
    %cmp/u;
    %jmp/1 T_4.13, 6;
    %dup/vec4;
    %pushi/vec4 14, 0, 6;
    %cmp/u;
    %jmp/1 T_4.14, 6;
    %dup/vec4;
    %pushi/vec4 15, 0, 6;
    %cmp/u;
    %jmp/1 T_4.15, 6;
    %dup/vec4;
    %pushi/vec4 16, 0, 6;
    %cmp/u;
    %jmp/1 T_4.16, 6;
    %dup/vec4;
    %pushi/vec4 17, 0, 6;
    %cmp/u;
    %jmp/1 T_4.17, 6;
    %dup/vec4;
    %pushi/vec4 18, 0, 6;
    %cmp/u;
    %jmp/1 T_4.18, 6;
    %dup/vec4;
    %pushi/vec4 19, 0, 6;
    %cmp/u;
    %jmp/1 T_4.19, 6;
    %dup/vec4;
    %pushi/vec4 20, 0, 6;
    %cmp/u;
    %jmp/1 T_4.20, 6;
    %dup/vec4;
    %pushi/vec4 21, 0, 6;
    %cmp/u;
    %jmp/1 T_4.21, 6;
    %dup/vec4;
    %pushi/vec4 22, 0, 6;
    %cmp/u;
    %jmp/1 T_4.22, 6;
    %dup/vec4;
    %pushi/vec4 23, 0, 6;
    %cmp/u;
    %jmp/1 T_4.23, 6;
    %dup/vec4;
    %pushi/vec4 24, 0, 6;
    %cmp/u;
    %jmp/1 T_4.24, 6;
    %dup/vec4;
    %pushi/vec4 25, 0, 6;
    %cmp/u;
    %jmp/1 T_4.25, 6;
    %pushi/vec4 0, 0, 6;
    %store/vec4 v0000024850cd92f0_0, 0, 6;
    %jmp T_4.27;
T_4.0 ;
    %pushi/vec4 32, 0, 6;
    %store/vec4 v0000024850cd92f0_0, 0, 6;
    %jmp T_4.27;
T_4.1 ;
    %pushi/vec4 40, 0, 6;
    %store/vec4 v0000024850cd92f0_0, 0, 6;
    %jmp T_4.27;
T_4.2 ;
    %pushi/vec4 48, 0, 6;
    %store/vec4 v0000024850cd92f0_0, 0, 6;
    %jmp T_4.27;
T_4.3 ;
    %pushi/vec4 52, 0, 6;
    %store/vec4 v0000024850cd92f0_0, 0, 6;
    %jmp T_4.27;
T_4.4 ;
    %pushi/vec4 36, 0, 6;
    %store/vec4 v0000024850cd92f0_0, 0, 6;
    %jmp T_4.27;
T_4.5 ;
    %pushi/vec4 56, 0, 6;
    %store/vec4 v0000024850cd92f0_0, 0, 6;
    %jmp T_4.27;
T_4.6 ;
    %pushi/vec4 60, 0, 6;
    %store/vec4 v0000024850cd92f0_0, 0, 6;
    %jmp T_4.27;
T_4.7 ;
    %pushi/vec4 44, 0, 6;
    %store/vec4 v0000024850cd92f0_0, 0, 6;
    %jmp T_4.27;
T_4.8 ;
    %pushi/vec4 24, 0, 6;
    %store/vec4 v0000024850cd92f0_0, 0, 6;
    %jmp T_4.27;
T_4.9 ;
    %pushi/vec4 28, 0, 6;
    %store/vec4 v0000024850cd92f0_0, 0, 6;
    %jmp T_4.27;
T_4.10 ;
    %pushi/vec4 34, 0, 6;
    %store/vec4 v0000024850cd92f0_0, 0, 6;
    %jmp T_4.27;
T_4.11 ;
    %pushi/vec4 42, 0, 6;
    %store/vec4 v0000024850cd92f0_0, 0, 6;
    %jmp T_4.27;
T_4.12 ;
    %pushi/vec4 50, 0, 6;
    %store/vec4 v0000024850cd92f0_0, 0, 6;
    %jmp T_4.27;
T_4.13 ;
    %pushi/vec4 54, 0, 6;
    %store/vec4 v0000024850cd92f0_0, 0, 6;
    %jmp T_4.27;
T_4.14 ;
    %pushi/vec4 38, 0, 6;
    %store/vec4 v0000024850cd92f0_0, 0, 6;
    %jmp T_4.27;
T_4.15 ;
    %pushi/vec4 58, 0, 6;
    %store/vec4 v0000024850cd92f0_0, 0, 6;
    %jmp T_4.27;
T_4.16 ;
    %pushi/vec4 62, 0, 6;
    %store/vec4 v0000024850cd92f0_0, 0, 6;
    %jmp T_4.27;
T_4.17 ;
    %pushi/vec4 46, 0, 6;
    %store/vec4 v0000024850cd92f0_0, 0, 6;
    %jmp T_4.27;
T_4.18 ;
    %pushi/vec4 26, 0, 6;
    %store/vec4 v0000024850cd92f0_0, 0, 6;
    %jmp T_4.27;
T_4.19 ;
    %pushi/vec4 30, 0, 6;
    %store/vec4 v0000024850cd92f0_0, 0, 6;
    %jmp T_4.27;
T_4.20 ;
    %pushi/vec4 35, 0, 6;
    %store/vec4 v0000024850cd92f0_0, 0, 6;
    %jmp T_4.27;
T_4.21 ;
    %pushi/vec4 43, 0, 6;
    %store/vec4 v0000024850cd92f0_0, 0, 6;
    %jmp T_4.27;
T_4.22 ;
    %pushi/vec4 29, 0, 6;
    %store/vec4 v0000024850cd92f0_0, 0, 6;
    %jmp T_4.27;
T_4.23 ;
    %pushi/vec4 51, 0, 6;
    %store/vec4 v0000024850cd92f0_0, 0, 6;
    %jmp T_4.27;
T_4.24 ;
    %pushi/vec4 55, 0, 6;
    %store/vec4 v0000024850cd92f0_0, 0, 6;
    %jmp T_4.27;
T_4.25 ;
    %pushi/vec4 39, 0, 6;
    %store/vec4 v0000024850cd92f0_0, 0, 6;
    %jmp T_4.27;
T_4.27 ;
    %pop/vec4 1;
    %jmp T_4;
    .thread T_4, $push;
    .scope S_0000024850cdc700;
T_5 ;
    %wait E_0000024850cc3ba0;
    %load/vec4 v0000024850dc3a90_0;
    %dup/vec4;
    %pushi/vec4 0, 0, 6;
    %cmp/u;
    %jmp/1 T_5.0, 6;
    %dup/vec4;
    %pushi/vec4 1, 0, 6;
    %cmp/u;
    %jmp/1 T_5.1, 6;
    %dup/vec4;
    %pushi/vec4 2, 0, 6;
    %cmp/u;
    %jmp/1 T_5.2, 6;
    %dup/vec4;
    %pushi/vec4 3, 0, 6;
    %cmp/u;
    %jmp/1 T_5.3, 6;
    %dup/vec4;
    %pushi/vec4 4, 0, 6;
    %cmp/u;
    %jmp/1 T_5.4, 6;
    %dup/vec4;
    %pushi/vec4 5, 0, 6;
    %cmp/u;
    %jmp/1 T_5.5, 6;
    %dup/vec4;
    %pushi/vec4 6, 0, 6;
    %cmp/u;
    %jmp/1 T_5.6, 6;
    %dup/vec4;
    %pushi/vec4 7, 0, 6;
    %cmp/u;
    %jmp/1 T_5.7, 6;
    %dup/vec4;
    %pushi/vec4 8, 0, 6;
    %cmp/u;
    %jmp/1 T_5.8, 6;
    %dup/vec4;
    %pushi/vec4 9, 0, 6;
    %cmp/u;
    %jmp/1 T_5.9, 6;
    %dup/vec4;
    %pushi/vec4 10, 0, 6;
    %cmp/u;
    %jmp/1 T_5.10, 6;
    %dup/vec4;
    %pushi/vec4 11, 0, 6;
    %cmp/u;
    %jmp/1 T_5.11, 6;
    %dup/vec4;
    %pushi/vec4 12, 0, 6;
    %cmp/u;
    %jmp/1 T_5.12, 6;
    %dup/vec4;
    %pushi/vec4 13, 0, 6;
    %cmp/u;
    %jmp/1 T_5.13, 6;
    %dup/vec4;
    %pushi/vec4 14, 0, 6;
    %cmp/u;
    %jmp/1 T_5.14, 6;
    %dup/vec4;
    %pushi/vec4 15, 0, 6;
    %cmp/u;
    %jmp/1 T_5.15, 6;
    %dup/vec4;
    %pushi/vec4 16, 0, 6;
    %cmp/u;
    %jmp/1 T_5.16, 6;
    %dup/vec4;
    %pushi/vec4 17, 0, 6;
    %cmp/u;
    %jmp/1 T_5.17, 6;
    %dup/vec4;
    %pushi/vec4 18, 0, 6;
    %cmp/u;
    %jmp/1 T_5.18, 6;
    %dup/vec4;
    %pushi/vec4 19, 0, 6;
    %cmp/u;
    %jmp/1 T_5.19, 6;
    %dup/vec4;
    %pushi/vec4 20, 0, 6;
    %cmp/u;
    %jmp/1 T_5.20, 6;
    %dup/vec4;
    %pushi/vec4 21, 0, 6;
    %cmp/u;
    %jmp/1 T_5.21, 6;
    %dup/vec4;
    %pushi/vec4 22, 0, 6;
    %cmp/u;
    %jmp/1 T_5.22, 6;
    %dup/vec4;
    %pushi/vec4 23, 0, 6;
    %cmp/u;
    %jmp/1 T_5.23, 6;
    %dup/vec4;
    %pushi/vec4 24, 0, 6;
    %cmp/u;
    %jmp/1 T_5.24, 6;
    %dup/vec4;
    %pushi/vec4 25, 0, 6;
    %cmp/u;
    %jmp/1 T_5.25, 6;
    %pushi/vec4 0, 0, 6;
    %store/vec4 v0000024850dc45d0_0, 0, 6;
    %jmp T_5.27;
T_5.0 ;
    %pushi/vec4 32, 0, 6;
    %store/vec4 v0000024850dc45d0_0, 0, 6;
    %jmp T_5.27;
T_5.1 ;
    %pushi/vec4 40, 0, 6;
    %store/vec4 v0000024850dc45d0_0, 0, 6;
    %jmp T_5.27;
T_5.2 ;
    %pushi/vec4 48, 0, 6;
    %store/vec4 v0000024850dc45d0_0, 0, 6;
    %jmp T_5.27;
T_5.3 ;
    %pushi/vec4 52, 0, 6;
    %store/vec4 v0000024850dc45d0_0, 0, 6;
    %jmp T_5.27;
T_5.4 ;
    %pushi/vec4 36, 0, 6;
    %store/vec4 v0000024850dc45d0_0, 0, 6;
    %jmp T_5.27;
T_5.5 ;
    %pushi/vec4 56, 0, 6;
    %store/vec4 v0000024850dc45d0_0, 0, 6;
    %jmp T_5.27;
T_5.6 ;
    %pushi/vec4 60, 0, 6;
    %store/vec4 v0000024850dc45d0_0, 0, 6;
    %jmp T_5.27;
T_5.7 ;
    %pushi/vec4 44, 0, 6;
    %store/vec4 v0000024850dc45d0_0, 0, 6;
    %jmp T_5.27;
T_5.8 ;
    %pushi/vec4 24, 0, 6;
    %store/vec4 v0000024850dc45d0_0, 0, 6;
    %jmp T_5.27;
T_5.9 ;
    %pushi/vec4 28, 0, 6;
    %store/vec4 v0000024850dc45d0_0, 0, 6;
    %jmp T_5.27;
T_5.10 ;
    %pushi/vec4 34, 0, 6;
    %store/vec4 v0000024850dc45d0_0, 0, 6;
    %jmp T_5.27;
T_5.11 ;
    %pushi/vec4 42, 0, 6;
    %store/vec4 v0000024850dc45d0_0, 0, 6;
    %jmp T_5.27;
T_5.12 ;
    %pushi/vec4 50, 0, 6;
    %store/vec4 v0000024850dc45d0_0, 0, 6;
    %jmp T_5.27;
T_5.13 ;
    %pushi/vec4 54, 0, 6;
    %store/vec4 v0000024850dc45d0_0, 0, 6;
    %jmp T_5.27;
T_5.14 ;
    %pushi/vec4 38, 0, 6;
    %store/vec4 v0000024850dc45d0_0, 0, 6;
    %jmp T_5.27;
T_5.15 ;
    %pushi/vec4 58, 0, 6;
    %store/vec4 v0000024850dc45d0_0, 0, 6;
    %jmp T_5.27;
T_5.16 ;
    %pushi/vec4 62, 0, 6;
    %store/vec4 v0000024850dc45d0_0, 0, 6;
    %jmp T_5.27;
T_5.17 ;
    %pushi/vec4 46, 0, 6;
    %store/vec4 v0000024850dc45d0_0, 0, 6;
    %jmp T_5.27;
T_5.18 ;
    %pushi/vec4 26, 0, 6;
    %store/vec4 v0000024850dc45d0_0, 0, 6;
    %jmp T_5.27;
T_5.19 ;
    %pushi/vec4 30, 0, 6;
    %store/vec4 v0000024850dc45d0_0, 0, 6;
    %jmp T_5.27;
T_5.20 ;
    %pushi/vec4 35, 0, 6;
    %store/vec4 v0000024850dc45d0_0, 0, 6;
    %jmp T_5.27;
T_5.21 ;
    %pushi/vec4 43, 0, 6;
    %store/vec4 v0000024850dc45d0_0, 0, 6;
    %jmp T_5.27;
T_5.22 ;
    %pushi/vec4 29, 0, 6;
    %store/vec4 v0000024850dc45d0_0, 0, 6;
    %jmp T_5.27;
T_5.23 ;
    %pushi/vec4 51, 0, 6;
    %store/vec4 v0000024850dc45d0_0, 0, 6;
    %jmp T_5.27;
T_5.24 ;
    %pushi/vec4 55, 0, 6;
    %store/vec4 v0000024850dc45d0_0, 0, 6;
    %jmp T_5.27;
T_5.25 ;
    %pushi/vec4 39, 0, 6;
    %store/vec4 v0000024850dc45d0_0, 0, 6;
    %jmp T_5.27;
T_5.27 ;
    %pop/vec4 1;
    %jmp T_5;
    .thread T_5, $push;
    .scope S_0000024850c33560;
T_6 ;
    %wait E_0000024850cc4160;
    %pushi/vec4 96, 0, 8;
    %load/vec4 v0000024850dc5570_0;
    %pad/u 8;
    %cmp/u;
    %flag_get/vec4 5;
    %load/vec4 v0000024850dc5570_0;
    %pad/u 8;
    %cmpi/u 123, 0, 8;
    %flag_get/vec4 5;
    %and;
    %flag_set/vec4 8;
    %jmp/0xz  T_6.0, 8;
    %load/vec4 v0000024850dc5750_0;
    %ix/load 4, 2, 0;
    %ix/load 5, 0, 0;
    %flag_set/imm 4, 0;
    %assign/vec4/off/d v0000024850dc5a70_0, 4, 5;
    %vpi_call 3 35 "$display", v0000024850dc5a70_0 {0 0 0};
    %pushi/vec4 0, 0, 1;
    %ix/load 4, 1, 0;
    %ix/load 5, 0, 0;
    %flag_set/imm 4, 0;
    %assign/vec4/off/d v0000024850dc5a70_0, 4, 5;
    %pushi/vec4 0, 0, 1;
    %ix/load 4, 0, 0;
    %ix/load 5, 0, 0;
    %flag_set/imm 4, 0;
    %assign/vec4/off/d v0000024850dc5a70_0, 4, 5;
    %jmp T_6.1;
T_6.0 ;
    %pushi/vec4 64, 0, 8;
    %load/vec4 v0000024850dc5570_0;
    %pad/u 8;
    %cmp/u;
    %flag_get/vec4 5;
    %load/vec4 v0000024850dc5570_0;
    %pad/u 8;
    %cmpi/u 91, 0, 8;
    %flag_get/vec4 5;
    %and;
    %flag_set/vec4 8;
    %jmp/0xz  T_6.2, 8;
    %load/vec4 v0000024850dc59d0_0;
    %ix/load 4, 2, 0;
    %ix/load 5, 0, 0;
    %flag_set/imm 4, 0;
    %assign/vec4/off/d v0000024850dc5a70_0, 4, 5;
    %pushi/vec4 0, 0, 1;
    %ix/load 4, 1, 0;
    %ix/load 5, 0, 0;
    %flag_set/imm 4, 0;
    %assign/vec4/off/d v0000024850dc5a70_0, 4, 5;
    %pushi/vec4 1, 0, 1;
    %ix/load 4, 0, 0;
    %ix/load 5, 0, 0;
    %flag_set/imm 4, 0;
    %assign/vec4/off/d v0000024850dc5a70_0, 4, 5;
    %jmp T_6.3;
T_6.2 ;
    %pushi/vec4 47, 0, 32;
    %load/vec4 v0000024850dc5570_0;
    %pad/u 32;
    %cmp/u;
    %flag_get/vec4 5;
    %load/vec4 v0000024850dc5570_0;
    %pad/u 32;
    %cmpi/u 58, 0, 32;
    %flag_get/vec4 5;
    %and;
    %flag_set/vec4 8;
    %jmp/0xz  T_6.4, 8;
    %load/vec4 v0000024850dc57f0_0;
    %ix/load 4, 2, 0;
    %ix/load 5, 0, 0;
    %flag_set/imm 4, 0;
    %assign/vec4/off/d v0000024850dc5a70_0, 4, 5;
    %pushi/vec4 1, 0, 1;
    %ix/load 4, 1, 0;
    %ix/load 5, 0, 0;
    %flag_set/imm 4, 0;
    %assign/vec4/off/d v0000024850dc5a70_0, 4, 5;
    %pushi/vec4 0, 0, 1;
    %ix/load 4, 0, 0;
    %ix/load 5, 0, 0;
    %flag_set/imm 4, 0;
    %assign/vec4/off/d v0000024850dc5a70_0, 4, 5;
    %load/vec4 v0000024850dc5570_0;
    %pad/u 8;
    %cmpi/e 48, 0, 8;
    %jmp/0xz  T_6.6, 4;
    %pushi/vec4 28, 0, 6;
    %ix/load 4, 2, 0;
    %ix/load 5, 0, 0;
    %flag_set/imm 4, 0;
    %assign/vec4/off/d v0000024850dc5a70_0, 4, 5;
T_6.6 ;
    %jmp T_6.5;
T_6.4 ;
    %load/vec4 v0000024850dc5930_0;
    %ix/load 4, 2, 0;
    %ix/load 5, 0, 0;
    %flag_set/imm 4, 0;
    %assign/vec4/off/d v0000024850dc5a70_0, 4, 5;
    %pushi/vec4 0, 0, 1;
    %ix/load 4, 1, 0;
    %ix/load 5, 0, 0;
    %flag_set/imm 4, 0;
    %assign/vec4/off/d v0000024850dc5a70_0, 4, 5;
    %pushi/vec4 0, 0, 1;
    %ix/load 4, 0, 0;
    %ix/load 5, 0, 0;
    %flag_set/imm 4, 0;
    %assign/vec4/off/d v0000024850dc5a70_0, 4, 5;
T_6.5 ;
T_6.3 ;
T_6.1 ;
    %jmp T_6;
    .thread T_6, $push;
# The file index is used to find the file name in the following table.
:file_names 5;
    "N/A";
    "<interactive>";
    "./substractor.v";
    "main.v";
    "./lookupTable.v";
